<?xml version="1.0" encoding="UTF-8"?><explain xmlns="http://www.postgresql.org/2009/explain">
  <Query>
    <Plan>
      <Node-Type>Append</Node-Type>
      <Parallel-Aware>false</Parallel-Aware>
      <Startup-Cost>1.43</Startup-Cost>
      <Total-Cost>206816.10</Total-Cost>
      <Plan-Rows>376408</Plan-Rows>
      <Plan-Width>13</Plan-Width>
      <Actual-Startup-Time>0.023</Actual-Startup-Time>
      <Actual-Total-Time>1618.320</Actual-Total-Time>
      <Actual-Rows>479194</Actual-Rows>
      <Actual-Loops>1</Actual-Loops>
      <Plans>
        <Plan>
          <Node-Type>Merge Join</Node-Type>
          <Parent-Relationship>Member</Parent-Relationship>
          <Parallel-Aware>false</Parallel-Aware>
          <Join-Type>Inner</Join-Type>
          <Startup-Cost>1.43</Startup-Cost>
          <Total-Cost>3419.39</Total-Cost>
          <Plan-Rows>6195</Plan-Rows>
          <Plan-Width>15</Plan-Width>
          <Actual-Startup-Time>0.023</Actual-Startup-Time>
          <Actual-Total-Time>20.576</Actual-Total-Time>
          <Actual-Rows>6431</Actual-Rows>
          <Actual-Loops>1</Actual-Loops>
          <Merge-Cond>(proceedings."proceedingsID" = publications."pubID")</Merge-Cond>
          <Plans>
            <Plan>
              <Node-Type>Index Scan</Node-Type>
              <Parent-Relationship>Outer</Parent-Relationship>
              <Parallel-Aware>false</Parallel-Aware>
              <Scan-Direction>Forward</Scan-Direction>
              <Index-Name>"proceedingsID"</Index-Name>
              <Relation-Name>proceedings</Relation-Name>
              <Alias>proceedings</Alias>
              <Startup-Cost>0.29</Startup-Cost>
              <Total-Cost>1282.45</Total-Cost>
              <Plan-Rows>34674</Plan-Rows>
              <Plan-Width>15</Plan-Width>
              <Actual-Startup-Time>0.007</Actual-Startup-Time>
              <Actual-Total-Time>5.472</Actual-Total-Time>
              <Actual-Rows>34674</Actual-Rows>
              <Actual-Loops>1</Actual-Loops>
            </Plan>
            <Plan>
              <Node-Type>Index Scan</Node-Type>
              <Parent-Relationship>Inner</Parent-Relationship>
              <Parallel-Aware>false</Parallel-Aware>
              <Scan-Direction>Forward</Scan-Direction>
              <Index-Name>publications_pkey</Index-Name>
              <Relation-Name>publications</Relation-Name>
              <Alias>publications</Alias>
              <Startup-Cost>0.43</Startup-Cost>
              <Total-Cost>216619.86</Total-Cost>
              <Plan-Rows>683580</Plan-Rows>
              <Plan-Width>8</Plan-Width>
              <Actual-Startup-Time>0.009</Actual-Startup-Time>
              <Actual-Total-Time>11.892</Actual-Total-Time>
              <Actual-Rows>6432</Actual-Rows>
              <Actual-Loops>1</Actual-Loops>
              <Filter>(month = 'June'::text)</Filter>
              <Rows-Removed-by-Filter>28245</Rows-Removed-by-Filter>
            </Plan>
          </Plans>
        </Plan>
        <Plan>
          <Node-Type>Merge Join</Node-Type>
          <Parent-Relationship>Member</Parent-Relationship>
          <Parallel-Aware>false</Parallel-Aware>
          <Join-Type>Inner</Join-Type>
          <Startup-Cost>4.69</Startup-Cost>
          <Total-Cost>196027.38</Total-Cost>
          <Plan-Rows>364018</Plan-Rows>
          <Plan-Width>13</Plan-Width>
          <Actual-Startup-Time>0.022</Actual-Startup-Time>
          <Actual-Total-Time>1550.463</Actual-Total-Time>
          <Actual-Rows>472763</Actual-Rows>
          <Actual-Loops>1</Actual-Loops>
          <Merge-Cond>(inproceedings."inproceedingsID" = publications_1."pubID")</Merge-Cond>
          <Plans>
            <Plan>
              <Node-Type>Index Scan</Node-Type>
              <Parent-Relationship>Outer</Parent-Relationship>
              <Parallel-Aware>false</Parallel-Aware>
              <Scan-Direction>Forward</Scan-Direction>
              <Index-Name>inproceedings_pkey</Index-Name>
              <Relation-Name>inproceedings</Relation-Name>
              <Alias>inproceedings</Alias>
              <Startup-Cost>0.43</Startup-Cost>
              <Total-Cost>71074.68</Total-Cost>
              <Plan-Rows>2037417</Plan-Rows>
              <Plan-Width>13</Plan-Width>
              <Actual-Startup-Time>0.007</Actual-Startup-Time>
              <Actual-Total-Time>433.459</Actual-Total-Time>
              <Actual-Rows>2037417</Actual-Rows>
              <Actual-Loops>1</Actual-Loops>
            </Plan>
            <Plan>
              <Node-Type>Index Scan</Node-Type>
              <Parent-Relationship>Inner</Parent-Relationship>
              <Parallel-Aware>false</Parallel-Aware>
              <Scan-Direction>Forward</Scan-Direction>
              <Index-Name>publications_pkey</Index-Name>
              <Relation-Name>publications</Relation-Name>
              <Alias>publications_1</Alias>
              <Startup-Cost>0.43</Startup-Cost>
              <Total-Cost>216619.86</Total-Cost>
              <Plan-Rows>683580</Plan-Rows>
              <Plan-Width>8</Plan-Width>
              <Actual-Startup-Time>0.011</Actual-Startup-Time>
              <Actual-Total-Time>878.264</Actual-Total-Time>
              <Actual-Rows>472764</Actual-Rows>
              <Actual-Loops>1</Actual-Loops>
              <Filter>(month = 'June'::text)</Filter>
              <Rows-Removed-by-Filter>1564671</Rows-Removed-by-Filter>
            </Plan>
          </Plans>
        </Plan>
        <Plan>
          <Node-Type>Subquery Scan</Node-Type>
          <Parent-Relationship>Member</Parent-Relationship>
          <Parallel-Aware>false</Parallel-Aware>
          <Alias>sub_p_conf_names_abv_100_publications_in_june</Alias>
          <Startup-Cost>3481.34</Startup-Cost>
          <Total-Cost>3605.24</Total-Cost>
          <Plan-Rows>6195</Plan-Rows>
          <Plan-Width>15</Plan-Width>
          <Actual-Startup-Time>33.573</Actual-Startup-Time>
          <Actual-Total-Time>33.573</Actual-Total-Time>
          <Actual-Rows>0</Actual-Rows>
          <Actual-Loops>1</Actual-Loops>
          <Plans>
            <Plan>
              <Node-Type>Aggregate</Node-Type>
              <Strategy>Hashed</Strategy>
              <Partial-Mode>Simple</Partial-Mode>
              <Parent-Relationship>Subquery</Parent-Relationship>
              <Parallel-Aware>false</Parallel-Aware>
              <Startup-Cost>3481.34</Startup-Cost>
              <Total-Cost>3543.29</Total-Cost>
              <Plan-Rows>6195</Plan-Rows>
              <Plan-Width>104</Plan-Width>
              <Actual-Startup-Time>33.572</Actual-Startup-Time>
              <Actual-Total-Time>33.572</Actual-Total-Time>
              <Actual-Rows>0</Actual-Rows>
              <Actual-Loops>1</Actual-Loops>
              <Group-Key>
                <Item>publications_2.title</Item>
                <Item>publications_2.year</Item>
                <Item>proceedings_1."proceedingsID"</Item>
              </Group-Key>
              <Filter>(count(publications_2."pubID") &gt; '100'::bigint)</Filter>
              <Rows-Removed-by-Filter>6431</Rows-Removed-by-Filter>
              <Plans>
                <Plan>
                  <Node-Type>Merge Join</Node-Type>
                  <Parent-Relationship>Outer</Parent-Relationship>
                  <Parallel-Aware>false</Parallel-Aware>
                  <Join-Type>Inner</Join-Type>
                  <Startup-Cost>1.43</Startup-Cost>
                  <Total-Cost>3419.39</Total-Cost>
                  <Plan-Rows>6195</Plan-Rows>
                  <Plan-Width>100</Plan-Width>
                  <Actual-Startup-Time>0.084</Actual-Startup-Time>
                  <Actual-Total-Time>28.601</Actual-Total-Time>
                  <Actual-Rows>6431</Actual-Rows>
                  <Actual-Loops>1</Actual-Loops>
                  <Merge-Cond>(proceedings_1."proceedingsID" = publications_2."pubID")</Merge-Cond>
                  <Plans>
                    <Plan>
                      <Node-Type>Index Scan</Node-Type>
                      <Parent-Relationship>Outer</Parent-Relationship>
                      <Parallel-Aware>false</Parallel-Aware>
                      <Scan-Direction>Forward</Scan-Direction>
                      <Index-Name>"proceedingsID"</Index-Name>
                      <Relation-Name>proceedings</Relation-Name>
                      <Alias>proceedings_1</Alias>
                      <Startup-Cost>0.29</Startup-Cost>
                      <Total-Cost>1282.45</Total-Cost>
                      <Plan-Rows>34674</Plan-Rows>
                      <Plan-Width>19</Plan-Width>
                      <Actual-Startup-Time>0.041</Actual-Startup-Time>
                      <Actual-Total-Time>8.205</Actual-Total-Time>
                      <Actual-Rows>34674</Actual-Rows>
                      <Actual-Loops>1</Actual-Loops>
                    </Plan>
                    <Plan>
                      <Node-Type>Index Scan</Node-Type>
                      <Parent-Relationship>Inner</Parent-Relationship>
                      <Parallel-Aware>false</Parallel-Aware>
                      <Scan-Direction>Forward</Scan-Direction>
                      <Index-Name>publications_pkey</Index-Name>
                      <Relation-Name>publications</Relation-Name>
                      <Alias>publications_2</Alias>
                      <Startup-Cost>0.43</Startup-Cost>
                      <Total-Cost>216619.86</Total-Cost>
                      <Plan-Rows>683580</Plan-Rows>
                      <Plan-Width>81</Plan-Width>
                      <Actual-Startup-Time>0.038</Actual-Startup-Time>
                      <Actual-Total-Time>16.092</Actual-Total-Time>
                      <Actual-Rows>6432</Actual-Rows>
                      <Actual-Loops>1</Actual-Loops>
                      <Filter>(month = 'June'::text)</Filter>
                      <Rows-Removed-by-Filter>28245</Rows-Removed-by-Filter>
                    </Plan>
                  </Plans>
                </Plan>
              </Plans>
            </Plan>
          </Plans>
        </Plan>
      </Plans>
    </Plan>
    <Planning-Time>2.944</Planning-Time>
    <Triggers>
    </Triggers>
    <Execution-Time>1628.391</Execution-Time>
  </Query>
</explain>