<?xml version="1.0" encoding="UTF-8"?><explain xmlns="http://www.postgresql.org/2009/explain">
  <Query>
    <Plan>
      <Node-Type>Nested Loop</Node-Type>
      <Parallel-Aware>false</Parallel-Aware>
      <Join-Type>Inner</Join-Type>
      <Startup-Cost>0.86</Startup-Cost>
      <Total-Cost>81345.44</Total-Cost>
      <Plan-Rows>1</Plan-Rows>
      <Plan-Width>132</Plan-Width>
      <Actual-Startup-Time>353.307</Actual-Startup-Time>
      <Actual-Total-Time>871.529</Actual-Total-Time>
      <Actual-Rows>1</Actual-Rows>
      <Actual-Loops>1</Actual-Loops>
      <Join-Filter>(authored."pubID" = inproceedings."pubID")</Join-Filter>
      <Rows-Removed-by-Join-Filter>2767</Rows-Removed-by-Join-Filter>
      <Plans>
        <Plan>
          <Node-Type>Nested Loop</Node-Type>
          <Parent-Relationship>Outer</Parent-Relationship>
          <Parallel-Aware>false</Parallel-Aware>
          <Join-Type>Inner</Join-Type>
          <Startup-Cost>0.86</Startup-Cost>
          <Total-Cost>37720.16</Total-Cost>
          <Plan-Rows>1</Plan-Rows>
          <Plan-Width>104</Plan-Width>
          <Actual-Startup-Time>51.808</Actual-Startup-Time>
          <Actual-Total-Time>337.725</Actual-Total-Time>
          <Actual-Rows>2</Actual-Rows>
          <Actual-Loops>1</Actual-Loops>
          <Plans>
            <Plan>
              <Node-Type>Nested Loop</Node-Type>
              <Parent-Relationship>Outer</Parent-Relationship>
              <Parallel-Aware>false</Parallel-Aware>
              <Join-Type>Inner</Join-Type>
              <Startup-Cost>0.44</Startup-Cost>
              <Total-Cost>37716.71</Total-Cost>
              <Plan-Rows>7</Plan-Rows>
              <Plan-Width>23</Plan-Width>
              <Actual-Startup-Time>51.735</Actual-Startup-Time>
              <Actual-Total-Time>337.473</Actual-Total-Time>
              <Actual-Rows>4</Actual-Rows>
              <Actual-Loops>1</Actual-Loops>
              <Plans>
                <Plan>
                  <Node-Type>Seq Scan</Node-Type>
                  <Parent-Relationship>Outer</Parent-Relationship>
                  <Parallel-Aware>false</Parallel-Aware>
                  <Relation-Name>authors</Relation-Name>
                  <Alias>authors</Alias>
                  <Startup-Cost>0.00</Startup-Cost>
                  <Total-Cost>37456.29</Total-Cost>
                  <Plan-Rows>1</Plan-Rows>
                  <Plan-Width>19</Plan-Width>
                  <Actual-Startup-Time>48.917</Actual-Startup-Time>
                  <Actual-Total-Time>332.591</Actual-Total-Time>
                  <Actual-Rows>1</Actual-Rows>
                  <Actual-Loops>1</Actual-Loops>
                  <Filter>("authorName" = 'Peter Nobel'::text)</Filter>
                  <Rows-Removed-by-Filter>2000182</Rows-Removed-by-Filter>
                </Plan>
                <Plan>
                  <Node-Type>Index Only Scan</Node-Type>
                  <Parent-Relationship>Inner</Parent-Relationship>
                  <Parallel-Aware>false</Parallel-Aware>
                  <Scan-Direction>Forward</Scan-Direction>
                  <Index-Name>authored_pkey</Index-Name>
                  <Relation-Name>authored</Relation-Name>
                  <Alias>authored</Alias>
                  <Startup-Cost>0.44</Startup-Cost>
                  <Total-Cost>259.75</Total-Cost>
                  <Plan-Rows>67</Plan-Rows>
                  <Plan-Width>8</Plan-Width>
                  <Actual-Startup-Time>2.803</Actual-Startup-Time>
                  <Actual-Total-Time>4.862</Actual-Total-Time>
                  <Actual-Rows>4</Actual-Rows>
                  <Actual-Loops>1</Actual-Loops>
                  <Index-Cond>("authorID" = authors."authorID")</Index-Cond>
                  <Rows-Removed-by-Index-Recheck>0</Rows-Removed-by-Index-Recheck>
                  <Heap-Fetches>4</Heap-Fetches>
                </Plan>
              </Plans>
            </Plan>
            <Plan>
              <Node-Type>Index Scan</Node-Type>
              <Parent-Relationship>Inner</Parent-Relationship>
              <Parallel-Aware>false</Parallel-Aware>
              <Scan-Direction>Forward</Scan-Direction>
              <Index-Name>publications_pkey</Index-Name>
              <Relation-Name>publications</Relation-Name>
              <Alias>publications</Alias>
              <Startup-Cost>0.43</Startup-Cost>
              <Total-Cost>0.48</Total-Cost>
              <Plan-Rows>1</Plan-Rows>
              <Plan-Width>81</Plan-Width>
              <Actual-Startup-Time>0.057</Actual-Startup-Time>
              <Actual-Total-Time>0.058</Actual-Total-Time>
              <Actual-Rows>1</Actual-Rows>
              <Actual-Loops>4</Actual-Loops>
              <Index-Cond>("pubID" = authored."pubID")</Index-Cond>
              <Rows-Removed-by-Index-Recheck>0</Rows-Removed-by-Index-Recheck>
              <Filter>(year = 2010)</Filter>
              <Rows-Removed-by-Filter>1</Rows-Removed-by-Filter>
            </Plan>
          </Plans>
        </Plan>
        <Plan>
          <Node-Type>Seq Scan</Node-Type>
          <Parent-Relationship>Inner</Parent-Relationship>
          <Parallel-Aware>false</Parallel-Aware>
          <Relation-Name>inproceedings</Relation-Name>
          <Alias>inproceedings</Alias>
          <Startup-Cost>0.00</Startup-Cost>
          <Total-Cost>43621.71</Total-Cost>
          <Plan-Rows>285</Plan-Rows>
          <Plan-Width>36</Plan-Width>
          <Actual-Startup-Time>37.857</Actual-Startup-Time>
          <Actual-Total-Time>266.817</Actual-Total-Time>
          <Actual-Rows>1384</Actual-Rows>
          <Actual-Loops>2</Actual-Loops>
          <Filter>(booktitle = 'SIGMETRICS'::text)</Filter>
          <Rows-Removed-by-Filter>2036033</Rows-Removed-by-Filter>
        </Plan>
      </Plans>
    </Plan>
    <Planning-Time>37.682</Planning-Time>
    <Triggers>
    </Triggers>
    <Execution-Time>871.600</Execution-Time>
  </Query>
</explain>