<?xml version="1.0" encoding="UTF-8"?><explain xmlns="http://www.postgresql.org/2009/explain">
  <Query>
    <Plan>
      <Node-Type>Aggregate</Node-Type>
      <Strategy>Sorted</Strategy>
      <Partial-Mode>Simple</Partial-Mode>
      <Parallel-Aware>false</Parallel-Aware>
      <Startup-Cost>809796.52</Startup-Cost>
      <Total-Cost>822611.37</Total-Cost>
      <Plan-Rows>512594</Plan-Rows>
      <Plan-Width>100</Plan-Width>
      <Actual-Startup-Time>12889.985</Actual-Startup-Time>
      <Actual-Total-Time>14147.982</Actual-Total-Time>
      <Actual-Rows>643</Actual-Rows>
      <Actual-Loops>1</Actual-Loops>
      <Group-Key>
        <Item>authors."authorName"</Item>
        <Item>publications.title</Item>
        <Item>publications.year</Item>
      </Group-Key>
      <Filter>(count(*) &gt; 1)</Filter>
      <Rows-Removed-by-Filter>525607</Rows-Removed-by-Filter>
      <Plans>
        <Plan>
          <Node-Type>Sort</Node-Type>
          <Parent-Relationship>Outer</Parent-Relationship>
          <Parallel-Aware>false</Parallel-Aware>
          <Startup-Cost>809796.52</Startup-Cost>
          <Total-Cost>811078.01</Total-Cost>
          <Plan-Rows>512594</Plan-Rows>
          <Plan-Width>92</Plan-Width>
          <Actual-Startup-Time>12882.784</Actual-Startup-Time>
          <Actual-Total-Time>13992.155</Actual-Total-Time>
          <Actual-Rows>526903</Actual-Rows>
          <Actual-Loops>1</Actual-Loops>
          <Sort-Key>
            <Item>authors."authorName"</Item>
            <Item>publications.title</Item>
          </Sort-Key>
          <Sort-Method>external merge</Sort-Method>
          <Sort-Space-Used>55352</Sort-Space-Used>
          <Sort-Space-Type>Disk</Sort-Space-Type>
          <Plans>
            <Plan>
              <Node-Type>Hash Join</Node-Type>
              <Parent-Relationship>Outer</Parent-Relationship>
              <Parallel-Aware>false</Parallel-Aware>
              <Join-Type>Inner</Join-Type>
              <Startup-Cost>302265.40</Startup-Cost>
              <Total-Cost>708620.50</Total-Cost>
              <Plan-Rows>512594</Plan-Rows>
              <Plan-Width>92</Plan-Width>
              <Actual-Startup-Time>3796.912</Actual-Startup-Time>
              <Actual-Total-Time>9752.866</Actual-Total-Time>
              <Actual-Rows>526903</Actual-Rows>
              <Actual-Loops>1</Actual-Loops>
              <Hash-Cond>(authored."authorID" = authors."authorID")</Hash-Cond>
              <Plans>
                <Plan>
                  <Node-Type>Hash Join</Node-Type>
                  <Parent-Relationship>Outer</Parent-Relationship>
                  <Parallel-Aware>false</Parallel-Aware>
                  <Join-Type>Inner</Join-Type>
                  <Startup-Cost>233087.28</Startup-Cost>
                  <Total-Cost>606015.47</Total-Cost>
                  <Plan-Rows>512594</Plan-Rows>
                  <Plan-Width>81</Plan-Width>
                  <Actual-Startup-Time>3095.718</Actual-Startup-Time>
                  <Actual-Total-Time>7950.983</Actual-Total-Time>
                  <Actual-Rows>526903</Actual-Rows>
                  <Actual-Loops>1</Actual-Loops>
                  <Hash-Cond>(authored."pubID" = publications."pubID")</Hash-Cond>
                  <Plans>
                    <Plan>
                      <Node-Type>Seq Scan</Node-Type>
                      <Parent-Relationship>Outer</Parent-Relationship>
                      <Parallel-Aware>false</Parallel-Aware>
                      <Relation-Name>authored</Relation-Name>
                      <Alias>authored</Alias>
                      <Startup-Cost>0.00</Startup-Cost>
                      <Total-Cost>203098.00</Total-Cost>
                      <Plan-Rows>14079800</Plan-Rows>
                      <Plan-Width>8</Plan-Width>
                      <Actual-Startup-Time>0.015</Actual-Startup-Time>
                      <Actual-Total-Time>1783.596</Actual-Total-Time>
                      <Actual-Rows>14079600</Actual-Rows>
                      <Actual-Loops>1</Actual-Loops>
                    </Plan>
                    <Plan>
                      <Node-Type>Hash</Node-Type>
                      <Parent-Relationship>Inner</Parent-Relationship>
                      <Parallel-Aware>false</Parallel-Aware>
                      <Startup-Cost>229441.14</Startup-Cost>
                      <Total-Cost>229441.14</Total-Cost>
                      <Plan-Rows>139291</Plan-Rows>
                      <Plan-Width>85</Plan-Width>
                      <Actual-Startup-Time>2441.703</Actual-Startup-Time>
                      <Actual-Total-Time>2441.703</Actual-Total-Time>
                      <Actual-Rows>140675</Actual-Rows>
                      <Actual-Loops>1</Actual-Loops>
                      <Hash-Buckets>32768</Hash-Buckets>
                      <Original-Hash-Buckets>32768</Original-Hash-Buckets>
                      <Hash-Batches>8</Hash-Batches>
                      <Original-Hash-Batches>8</Original-Hash-Batches>
                      <Peak-Memory-Usage>2348</Peak-Memory-Usage>
                      <Plans>
                        <Plan>
                          <Node-Type>Hash Join</Node-Type>
                          <Parent-Relationship>Outer</Parent-Relationship>
                          <Parallel-Aware>false</Parallel-Aware>
                          <Join-Type>Inner</Join-Type>
                          <Startup-Cost>162384.75</Startup-Cost>
                          <Total-Cost>229441.14</Total-Cost>
                          <Plan-Rows>139291</Plan-Rows>
                          <Plan-Width>85</Plan-Width>
                          <Actual-Startup-Time>1299.819</Actual-Startup-Time>
                          <Actual-Total-Time>2397.328</Actual-Total-Time>
                          <Actual-Rows>140675</Actual-Rows>
                          <Actual-Loops>1</Actual-Loops>
                          <Hash-Cond>(inproceedings."pubID" = publications."pubID")</Hash-Cond>
                          <Plans>
                            <Plan>
                              <Node-Type>Seq Scan</Node-Type>
                              <Parent-Relationship>Outer</Parent-Relationship>
                              <Parallel-Aware>false</Parallel-Aware>
                              <Relation-Name>inproceedings</Relation-Name>
                              <Alias>inproceedings</Alias>
                              <Startup-Cost>0.00</Startup-Cost>
                              <Total-Cost>38528.17</Total-Cost>
                              <Plan-Rows>2037417</Plan-Rows>
                              <Plan-Width>4</Plan-Width>
                              <Actual-Startup-Time>0.030</Actual-Startup-Time>
                              <Actual-Total-Time>358.716</Actual-Total-Time>
                              <Actual-Rows>2037417</Actual-Rows>
                              <Actual-Loops>1</Actual-Loops>
                            </Plan>
                            <Plan>
                              <Node-Type>Hash</Node-Type>
                              <Parent-Relationship>Inner</Parent-Relationship>
                              <Parallel-Aware>false</Parallel-Aware>
                              <Startup-Cost>155538.11</Startup-Cost>
                              <Total-Cost>155538.11</Total-Cost>
                              <Plan-Rows>261571</Plan-Rows>
                              <Plan-Width>81</Plan-Width>
                              <Actual-Startup-Time>1292.036</Actual-Startup-Time>
                              <Actual-Total-Time>1292.036</Actual-Total-Time>
                              <Actual-Rows>269078</Actual-Rows>
                              <Actual-Loops>1</Actual-Loops>
                              <Hash-Buckets>32768</Hash-Buckets>
                              <Original-Hash-Buckets>32768</Original-Hash-Buckets>
                              <Hash-Batches>16</Hash-Batches>
                              <Original-Hash-Batches>16</Original-Hash-Batches>
                              <Peak-Memory-Usage>2223</Peak-Memory-Usage>
                              <Plans>
                                <Plan>
                                  <Node-Type>Seq Scan</Node-Type>
                                  <Parent-Relationship>Outer</Parent-Relationship>
                                  <Parallel-Aware>false</Parallel-Aware>
                                  <Relation-Name>publications</Relation-Name>
                                  <Alias>publications</Alias>
                                  <Startup-Cost>0.00</Startup-Cost>
                                  <Total-Cost>155538.11</Total-Cost>
                                  <Plan-Rows>261571</Plan-Rows>
                                  <Plan-Width>81</Plan-Width>
                                  <Actual-Startup-Time>0.029</Actual-Startup-Time>
                                  <Actual-Total-Time>1159.044</Actual-Total-Time>
                                  <Actual-Rows>269078</Actual-Rows>
                                  <Actual-Loops>1</Actual-Loops>
                                  <Filter>(year = 2015)</Filter>
                                  <Rows-Removed-by-Filter>3554571</Rows-Removed-by-Filter>
                                </Plan>
                              </Plans>
                            </Plan>
                          </Plans>
                        </Plan>
                      </Plans>
                    </Plan>
                  </Plans>
                </Plan>
                <Plan>
                  <Node-Type>Hash</Node-Type>
                  <Parent-Relationship>Inner</Parent-Relationship>
                  <Parallel-Aware>false</Parallel-Aware>
                  <Startup-Cost>32455.83</Startup-Cost>
                  <Total-Cost>32455.83</Total-Cost>
                  <Plan-Rows>2000183</Plan-Rows>
                  <Plan-Width>19</Plan-Width>
                  <Actual-Startup-Time>700.408</Actual-Startup-Time>
                  <Actual-Total-Time>700.408</Actual-Total-Time>
                  <Actual-Rows>2000183</Actual-Rows>
                  <Actual-Loops>1</Actual-Loops>
                  <Hash-Buckets>65536</Hash-Buckets>
                  <Original-Hash-Buckets>65536</Original-Hash-Buckets>
                  <Hash-Batches>32</Hash-Batches>
                  <Original-Hash-Batches>32</Original-Hash-Batches>
                  <Peak-Memory-Usage>3746</Peak-Memory-Usage>
                  <Plans>
                    <Plan>
                      <Node-Type>Seq Scan</Node-Type>
                      <Parent-Relationship>Outer</Parent-Relationship>
                      <Parallel-Aware>false</Parallel-Aware>
                      <Relation-Name>authors</Relation-Name>
                      <Alias>authors</Alias>
                      <Startup-Cost>0.00</Startup-Cost>
                      <Total-Cost>32455.83</Total-Cost>
                      <Plan-Rows>2000183</Plan-Rows>
                      <Plan-Width>19</Plan-Width>
                      <Actual-Startup-Time>0.023</Actual-Startup-Time>
                      <Actual-Total-Time>287.377</Actual-Total-Time>
                      <Actual-Rows>2000183</Actual-Rows>
                      <Actual-Loops>1</Actual-Loops>
                    </Plan>
                  </Plans>
                </Plan>
              </Plans>
            </Plan>
          </Plans>
        </Plan>
      </Plans>
    </Plan>
    <Planning-Time>2.076</Planning-Time>
    <Triggers>
    </Triggers>
    <Execution-Time>14167.310</Execution-Time>
  </Query>
</explain>