<?xml version="1.0" encoding="UTF-8"?><explain xmlns="http://www.postgresql.org/2009/explain">
  <Query>
    <Plan>
      <Node-Type>Limit</Node-Type>
      <Parallel-Aware>false</Parallel-Aware>
      <Startup-Cost>3522534.11</Startup-Cost>
      <Total-Cost>3522534.13</Total-Cost>
      <Plan-Rows>10</Plan-Rows>
      <Plan-Width>27</Plan-Width>
      <Actual-Startup-Time>13137.556</Actual-Startup-Time>
      <Actual-Total-Time>13137.557</Actual-Total-Time>
      <Actual-Rows>10</Actual-Rows>
      <Actual-Loops>1</Actual-Loops>
      <Plans>
        <Plan>
          <Node-Type>Sort</Node-Type>
          <Parent-Relationship>Outer</Parent-Relationship>
          <Parallel-Aware>false</Parallel-Aware>
          <Startup-Cost>3522534.11</Startup-Cost>
          <Total-Cost>3530581.53</Total-Cost>
          <Plan-Rows>3218969</Plan-Rows>
          <Plan-Width>27</Plan-Width>
          <Actual-Startup-Time>13137.555</Actual-Startup-Time>
          <Actual-Total-Time>13137.556</Actual-Total-Time>
          <Actual-Rows>10</Actual-Rows>
          <Actual-Loops>1</Actual-Loops>
          <Sort-Key>
            <Item>(count(t4."authorID")) DESC</Item>
          </Sort-Key>
          <Sort-Method>top-N heapsort</Sort-Method>
          <Sort-Space-Used>25</Sort-Space-Used>
          <Sort-Space-Type>Memory</Sort-Space-Type>
          <Plans>
            <Plan>
              <Node-Type>Aggregate</Node-Type>
              <Strategy>Sorted</Strategy>
              <Partial-Mode>Simple</Partial-Mode>
              <Parent-Relationship>Outer</Parent-Relationship>
              <Parallel-Aware>false</Parallel-Aware>
              <Startup-Cost>3388593.96</Startup-Cost>
              <Total-Cost>3452973.34</Total-Cost>
              <Plan-Rows>3218969</Plan-Rows>
              <Plan-Width>27</Plan-Width>
              <Actual-Startup-Time>13062.223</Actual-Startup-Time>
              <Actual-Total-Time>13124.140</Actual-Total-Time>
              <Actual-Rows>100836</Actual-Rows>
              <Actual-Loops>1</Actual-Loops>
              <Group-Key>
                <Item>t4."authorID"</Item>
                <Item>t2."authorName"</Item>
              </Group-Key>
              <Plans>
                <Plan>
                  <Node-Type>Sort</Node-Type>
                  <Parent-Relationship>Outer</Parent-Relationship>
                  <Parallel-Aware>false</Parallel-Aware>
                  <Startup-Cost>3388593.96</Startup-Cost>
                  <Total-Cost>3396641.38</Total-Cost>
                  <Plan-Rows>3218969</Plan-Rows>
                  <Plan-Width>19</Plan-Width>
                  <Actual-Startup-Time>13062.216</Actual-Startup-Time>
                  <Actual-Total-Time>13087.844</Actual-Total-Time>
                  <Actual-Rows>180754</Actual-Rows>
                  <Actual-Loops>1</Actual-Loops>
                  <Sort-Key>
                    <Item>t4."authorID"</Item>
                    <Item>t2."authorName"</Item>
                  </Sort-Key>
                  <Sort-Method>external merge</Sort-Method>
                  <Sort-Space-Used>4936</Sort-Space-Used>
                  <Sort-Space-Type>Disk</Sort-Space-Type>
                  <Plans>
                    <Plan>
                      <Node-Type>Hash Join</Node-Type>
                      <Parent-Relationship>Outer</Parent-Relationship>
                      <Parallel-Aware>false</Parallel-Aware>
                      <Join-Type>Inner</Join-Type>
                      <Startup-Cost>2703679.69</Startup-Cost>
                      <Total-Cost>2908618.91</Total-Cost>
                      <Plan-Rows>3218969</Plan-Rows>
                      <Plan-Width>19</Plan-Width>
                      <Actual-Startup-Time>10512.165</Actual-Startup-Time>
                      <Actual-Total-Time>12935.708</Actual-Total-Time>
                      <Actual-Rows>180754</Actual-Rows>
                      <Actual-Loops>1</Actual-Loops>
                      <Hash-Cond>(t4."authorID" = t2."authorID")</Hash-Cond>
                      <Plans>
                        <Plan>
                          <Node-Type>Merge Join</Node-Type>
                          <Parent-Relationship>Outer</Parent-Relationship>
                          <Parallel-Aware>false</Parallel-Aware>
                          <Join-Type>Inner</Join-Type>
                          <Startup-Cost>2634501.57</Startup-Cost>
                          <Total-Cost>2754286.26</Total-Cost>
                          <Plan-Rows>3218969</Plan-Rows>
                          <Plan-Width>4</Plan-Width>
                          <Actual-Startup-Time>9870.478</Actual-Startup-Time>
                          <Actual-Total-Time>11379.569</Actual-Total-Time>
                          <Actual-Rows>180754</Actual-Rows>
                          <Actual-Loops>1</Actual-Loops>
                          <Merge-Cond>(t4."pubID" = publications."pubID")</Merge-Cond>
                          <Plans>
                            <Plan>
                              <Node-Type>Sort</Node-Type>
                              <Parent-Relationship>Outer</Parent-Relationship>
                              <Parallel-Aware>false</Parallel-Aware>
                              <Startup-Cost>2259871.75</Startup-Cost>
                              <Total-Cost>2295071.25</Total-Cost>
                              <Plan-Rows>14079800</Plan-Rows>
                              <Plan-Width>8</Plan-Width>
                              <Actual-Startup-Time>7199.458</Actual-Startup-Time>
                              <Actual-Total-Time>8055.739</Actual-Total-Time>
                              <Actual-Rows>11969062</Actual-Rows>
                              <Actual-Loops>1</Actual-Loops>
                              <Sort-Key>
                                <Item>t4."pubID"</Item>
                              </Sort-Key>
                              <Sort-Method>external sort</Sort-Method>
                              <Sort-Space-Used>247624</Sort-Space-Used>
                              <Sort-Space-Type>Disk</Sort-Space-Type>
                              <Plans>
                                <Plan>
                                  <Node-Type>Seq Scan</Node-Type>
                                  <Parent-Relationship>Outer</Parent-Relationship>
                                  <Parallel-Aware>false</Parallel-Aware>
                                  <Relation-Name>authored</Relation-Name>
                                  <Alias>t4</Alias>
                                  <Startup-Cost>0.00</Startup-Cost>
                                  <Total-Cost>203098.00</Total-Cost>
                                  <Plan-Rows>14079800</Plan-Rows>
                                  <Plan-Width>8</Plan-Width>
                                  <Actual-Startup-Time>0.015</Actual-Startup-Time>
                                  <Actual-Total-Time>1132.459</Actual-Total-Time>
                                  <Actual-Rows>14079600</Actual-Rows>
                                  <Actual-Loops>1</Actual-Loops>
                                </Plan>
                              </Plans>
                            </Plan>
                            <Plan>
                              <Node-Type>Materialize</Node-Type>
                              <Parent-Relationship>Inner</Parent-Relationship>
                              <Parallel-Aware>false</Parallel-Aware>
                              <Startup-Cost>374629.83</Startup-Cost>
                              <Total-Cost>375822.74</Total-Cost>
                              <Plan-Rows>36705</Plan-Rows>
                              <Plan-Width>4</Plan-Width>
                              <Actual-Startup-Time>2670.637</Actual-Startup-Time>
                              <Actual-Total-Time>2702.336</Actual-Total-Time>
                              <Actual-Rows>180917</Actual-Rows>
                              <Actual-Loops>1</Actual-Loops>
                              <Plans>
                                <Plan>
                                  <Node-Type>Unique</Node-Type>
                                  <Parent-Relationship>Outer</Parent-Relationship>
                                  <Parallel-Aware>false</Parallel-Aware>
                                  <Startup-Cost>374629.83</Startup-Cost>
                                  <Total-Cost>375363.93</Total-Cost>
                                  <Plan-Rows>36705</Plan-Rows>
                                  <Plan-Width>168</Plan-Width>
                                  <Actual-Startup-Time>2670.629</Actual-Startup-Time>
                                  <Actual-Total-Time>2693.267</Actual-Total-Time>
                                  <Actual-Rows>46397</Actual-Rows>
                                  <Actual-Loops>1</Actual-Loops>
                                  <Plans>
                                    <Plan>
                                      <Node-Type>Sort</Node-Type>
                                      <Parent-Relationship>Outer</Parent-Relationship>
                                      <Parallel-Aware>false</Parallel-Aware>
                                      <Startup-Cost>374629.83</Startup-Cost>
                                      <Total-Cost>374721.59</Total-Cost>
                                      <Plan-Rows>36705</Plan-Rows>
                                      <Plan-Width>168</Plan-Width>
                                      <Actual-Startup-Time>2670.628</Actual-Startup-Time>
                                      <Actual-Total-Time>2682.572</Actual-Total-Time>
                                      <Actual-Rows>46397</Actual-Rows>
                                      <Actual-Loops>1</Actual-Loops>
                                      <Sort-Key>
                                        <Item>publications."pubID"</Item>
                                        <Item>publications."pubKey"</Item>
                                        <Item>publications.title</Item>
                                        <Item>publications.year</Item>
                                        <Item>publications.month</Item>
                                        <Item>publications.ee</Item>
                                        <Item>publications.url</Item>
                                      </Sort-Key>
                                      <Sort-Method>external merge</Sort-Method>
                                      <Sort-Space-Used>9824</Sort-Space-Used>
                                      <Sort-Space-Type>Disk</Sort-Space-Type>
                                      <Plans>
                                        <Plan>
                                          <Node-Type>Append</Node-Type>
                                          <Parent-Relationship>Outer</Parent-Relationship>
                                          <Parallel-Aware>false</Parallel-Aware>
                                          <Startup-Cost>0.00</Startup-Cost>
                                          <Total-Cost>368833.41</Total-Cost>
                                          <Plan-Rows>36705</Plan-Rows>
                                          <Plan-Width>168</Plan-Width>
                                          <Actual-Startup-Time>0.072</Actual-Startup-Time>
                                          <Actual-Total-Time>2633.071</Actual-Total-Time>
                                          <Actual-Rows>46397</Actual-Rows>
                                          <Actual-Loops>1</Actual-Loops>
                                          <Plans>
                                            <Plan>
                                              <Node-Type>Seq Scan</Node-Type>
                                              <Parent-Relationship>Member</Parent-Relationship>
                                              <Parallel-Aware>false</Parallel-Aware>
                                              <Relation-Name>publications</Relation-Name>
                                              <Alias>publications</Alias>
                                              <Startup-Cost>0.00</Startup-Cost>
                                              <Total-Cost>184233.18</Total-Cost>
                                              <Plan-Rows>20021</Plan-Rows>
                                              <Plan-Width>193</Plan-Width>
                                              <Actual-Startup-Time>0.072</Actual-Startup-Time>
                                              <Actual-Total-Time>1322.290</Actual-Total-Time>
                                              <Actual-Rows>27975</Actual-Rows>
                                              <Actual-Loops>1</Actual-Loops>
                                              <Filter>((title ~~ '%Data%'::text) AND (year &gt;= 2013) AND (year &lt;= 2017) AND ("pubKey" ~~ '%conf/%'::text))</Filter>
                                              <Rows-Removed-by-Filter>3795674</Rows-Removed-by-Filter>
                                            </Plan>
                                            <Plan>
                                              <Node-Type>Seq Scan</Node-Type>
                                              <Parent-Relationship>Member</Parent-Relationship>
                                              <Parallel-Aware>false</Parallel-Aware>
                                              <Relation-Name>publications</Relation-Name>
                                              <Alias>publications_1</Alias>
                                              <Startup-Cost>0.00</Startup-Cost>
                                              <Total-Cost>184233.18</Total-Cost>
                                              <Plan-Rows>16684</Plan-Rows>
                                              <Plan-Width>193</Plan-Width>
                                              <Actual-Startup-Time>638.517</Actual-Startup-Time>
                                              <Actual-Total-Time>1307.923</Actual-Total-Time>
                                              <Actual-Rows>18422</Actual-Rows>
                                              <Actual-Loops>1</Actual-Loops>
                                              <Filter>((title ~~ '%Data%'::text) AND (year &gt;= 2013) AND (year &lt;= 2017) AND ("pubKey" ~~ '%journals/%'::text))</Filter>
                                              <Rows-Removed-by-Filter>3805227</Rows-Removed-by-Filter>
                                            </Plan>
                                          </Plans>
                                        </Plan>
                                      </Plans>
                                    </Plan>
                                  </Plans>
                                </Plan>
                              </Plans>
                            </Plan>
                          </Plans>
                        </Plan>
                        <Plan>
                          <Node-Type>Hash</Node-Type>
                          <Parent-Relationship>Inner</Parent-Relationship>
                          <Parallel-Aware>false</Parallel-Aware>
                          <Startup-Cost>32455.83</Startup-Cost>
                          <Total-Cost>32455.83</Total-Cost>
                          <Plan-Rows>2000183</Plan-Rows>
                          <Plan-Width>19</Plan-Width>
                          <Actual-Startup-Time>633.997</Actual-Startup-Time>
                          <Actual-Total-Time>633.997</Actual-Total-Time>
                          <Actual-Rows>2000183</Actual-Rows>
                          <Actual-Loops>1</Actual-Loops>
                          <Hash-Buckets>65536</Hash-Buckets>
                          <Original-Hash-Buckets>65536</Original-Hash-Buckets>
                          <Hash-Batches>32</Hash-Batches>
                          <Original-Hash-Batches>32</Original-Hash-Batches>
                          <Peak-Memory-Usage>3746</Peak-Memory-Usage>
                          <Plans>
                            <Plan>
                              <Node-Type>Seq Scan</Node-Type>
                              <Parent-Relationship>Outer</Parent-Relationship>
                              <Parallel-Aware>false</Parallel-Aware>
                              <Relation-Name>authors</Relation-Name>
                              <Alias>t2</Alias>
                              <Startup-Cost>0.00</Startup-Cost>
                              <Total-Cost>32455.83</Total-Cost>
                              <Plan-Rows>2000183</Plan-Rows>
                              <Plan-Width>19</Plan-Width>
                              <Actual-Startup-Time>0.022</Actual-Startup-Time>
                              <Actual-Total-Time>247.866</Actual-Total-Time>
                              <Actual-Rows>2000183</Actual-Rows>
                              <Actual-Loops>1</Actual-Loops>
                            </Plan>
                          </Plans>
                        </Plan>
                      </Plans>
                    </Plan>
                  </Plans>
                </Plan>
              </Plans>
            </Plan>
          </Plans>
        </Plan>
      </Plans>
    </Plan>
    <Planning-Time>4.528</Planning-Time>
    <Triggers>
    </Triggers>
    <Execution-Time>13184.825</Execution-Time>
  </Query>
</explain>