<?xml version="1.0" encoding="UTF-8"?><explain xmlns="http://www.postgresql.org/2009/explain">
  <Query>
    <Plan>
      <Node-Type>Aggregate</Node-Type>
      <Strategy>Hashed</Strategy>
      <Partial-Mode>Simple</Partial-Mode>
      <Parallel-Aware>false</Parallel-Aware>
      <Startup-Cost>1049261.90</Startup-Cost>
      <Total-Cost>1049261.95</Total-Cost>
      <Plan-Rows>5</Plan-Rows>
      <Plan-Width>40</Plan-Width>
      <Actual-Startup-Time>10753.233</Actual-Startup-Time>
      <Actual-Total-Time>10753.235</Actual-Total-Time>
      <Actual-Rows>5</Actual-Rows>
      <Actual-Loops>1</Actual-Loops>
      <Group-Key>
        <Item>('Article'::text)</Item>
        <Item>(count(*))</Item>
      </Group-Key>
      <Plans>
        <Plan>
          <Node-Type>Append</Node-Type>
          <Parent-Relationship>Outer</Parent-Relationship>
          <Parallel-Aware>false</Parallel-Aware>
          <Startup-Cost>291752.48</Startup-Cost>
          <Total-Cost>1049261.88</Total-Cost>
          <Plan-Rows>5</Plan-Rows>
          <Plan-Width>40</Plan-Width>
          <Actual-Startup-Time>4984.401</Actual-Startup-Time>
          <Actual-Total-Time>10753.203</Actual-Total-Time>
          <Actual-Rows>5</Actual-Rows>
          <Actual-Loops>1</Actual-Loops>
          <Plans>
            <Plan>
              <Node-Type>Aggregate</Node-Type>
              <Strategy>Plain</Strategy>
              <Partial-Mode>Simple</Partial-Mode>
              <Parent-Relationship>Member</Parent-Relationship>
              <Parallel-Aware>false</Parallel-Aware>
              <Startup-Cost>291752.48</Startup-Cost>
              <Total-Cost>291752.50</Total-Cost>
              <Plan-Rows>1</Plan-Rows>
              <Plan-Width>40</Plan-Width>
              <Actual-Startup-Time>4984.400</Actual-Startup-Time>
              <Actual-Total-Time>4984.400</Actual-Total-Time>
              <Actual-Rows>1</Actual-Rows>
              <Actual-Loops>1</Actual-Loops>
              <Plans>
                <Plan>
                  <Node-Type>Hash Join</Node-Type>
                  <Parent-Relationship>Outer</Parent-Relationship>
                  <Parallel-Aware>false</Parallel-Aware>
                  <Join-Type>Inner</Join-Type>
                  <Startup-Cost>60472.60</Startup-Cost>
                  <Total-Cost>288161.25</Total-Cost>
                  <Plan-Rows>1436494</Plan-Rows>
                  <Plan-Width>0</Plan-Width>
                  <Actual-Startup-Time>611.031</Actual-Startup-Time>
                  <Actual-Total-Time>4925.799</Actual-Total-Time>
                  <Actual-Rows>1401146</Actual-Rows>
                  <Actual-Loops>1</Actual-Loops>
                  <Hash-Cond>(publications."pubID" = articles."pubID")</Hash-Cond>
                  <Plans>
                    <Plan>
                      <Node-Type>Seq Scan</Node-Type>
                      <Parent-Relationship>Outer</Parent-Relationship>
                      <Parallel-Aware>false</Parallel-Aware>
                      <Relation-Name>publications</Relation-Name>
                      <Alias>publications</Alias>
                      <Startup-Cost>0.00</Startup-Cost>
                      <Total-Cost>165103.14</Total-Cost>
                      <Plan-Rows>3247516</Plan-Rows>
                      <Plan-Width>4</Plan-Width>
                      <Actual-Startup-Time>0.030</Actual-Startup-Time>
                      <Actual-Total-Time>2540.490</Actual-Total-Time>
                      <Actual-Rows>3242071</Actual-Rows>
                      <Actual-Loops>1</Actual-Loops>
                      <Filter>((year &gt;= 2000) AND (year &lt;= 2017))</Filter>
                      <Rows-Removed-by-Filter>581578</Rows-Removed-by-Filter>
                    </Plan>
                    <Plan>
                      <Node-Type>Hash</Node-Type>
                      <Parent-Relationship>Inner</Parent-Relationship>
                      <Parallel-Aware>false</Parallel-Aware>
                      <Startup-Cost>32706.82</Startup-Cost>
                      <Total-Cost>32706.82</Total-Cost>
                      <Plan-Rows>1692382</Plan-Rows>
                      <Plan-Width>4</Plan-Width>
                      <Actual-Startup-Time>603.673</Actual-Startup-Time>
                      <Actual-Total-Time>603.673</Actual-Total-Time>
                      <Actual-Rows>1692382</Actual-Rows>
                      <Actual-Loops>1</Actual-Loops>
                      <Hash-Buckets>131072</Hash-Buckets>
                      <Original-Hash-Buckets>131072</Original-Hash-Buckets>
                      <Hash-Batches>32</Hash-Batches>
                      <Original-Hash-Batches>32</Original-Hash-Batches>
                      <Peak-Memory-Usage>2888</Peak-Memory-Usage>
                      <Plans>
                        <Plan>
                          <Node-Type>Seq Scan</Node-Type>
                          <Parent-Relationship>Outer</Parent-Relationship>
                          <Parallel-Aware>false</Parallel-Aware>
                          <Relation-Name>articles</Relation-Name>
                          <Alias>articles</Alias>
                          <Startup-Cost>0.00</Startup-Cost>
                          <Total-Cost>32706.82</Total-Cost>
                          <Plan-Rows>1692382</Plan-Rows>
                          <Plan-Width>4</Plan-Width>
                          <Actual-Startup-Time>0.079</Actual-Startup-Time>
                          <Actual-Total-Time>325.784</Actual-Total-Time>
                          <Actual-Rows>1692382</Actual-Rows>
                          <Actual-Loops>1</Actual-Loops>
                        </Plan>
                      </Plans>
                    </Plan>
                  </Plans>
                </Plan>
              </Plans>
            </Plan>
            <Plan>
              <Node-Type>Aggregate</Node-Type>
              <Strategy>Plain</Strategy>
              <Partial-Mode>Simple</Partial-Mode>
              <Parent-Relationship>Member</Parent-Relationship>
              <Parallel-Aware>false</Parallel-Aware>
              <Startup-Cost>91546.15</Startup-Cost>
              <Total-Cost>91546.16</Total-Cost>
              <Plan-Rows>1</Plan-Rows>
              <Plan-Width>40</Plan-Width>
              <Actual-Startup-Time>55.228</Actual-Startup-Time>
              <Actual-Total-Time>55.228</Actual-Total-Time>
              <Actual-Rows>1</Actual-Rows>
              <Actual-Loops>1</Actual-Loops>
              <Plans>
                <Plan>
                  <Node-Type>Nested Loop</Node-Type>
                  <Parent-Relationship>Outer</Parent-Relationship>
                  <Parallel-Aware>false</Parallel-Aware>
                  <Join-Type>Inner</Join-Type>
                  <Startup-Cost>0.43</Startup-Cost>
                  <Total-Cost>91516.98</Total-Cost>
                  <Plan-Rows>11668</Plan-Rows>
                  <Plan-Width>0</Plan-Width>
                  <Actual-Startup-Time>0.953</Actual-Startup-Time>
                  <Actual-Total-Time>54.804</Actual-Total-Time>
                  <Actual-Rows>8502</Actual-Rows>
                  <Actual-Loops>1</Actual-Loops>
                  <Plans>
                    <Plan>
                      <Node-Type>Seq Scan</Node-Type>
                      <Parent-Relationship>Outer</Parent-Relationship>
                      <Parallel-Aware>false</Parallel-Aware>
                      <Relation-Name>books</Relation-Name>
                      <Alias>books</Alias>
                      <Startup-Cost>0.00</Startup-Cost>
                      <Total-Cost>255.46</Total-Cost>
                      <Plan-Rows>13746</Plan-Rows>
                      <Plan-Width>4</Plan-Width>
                      <Actual-Startup-Time>0.056</Actual-Startup-Time>
                      <Actual-Total-Time>2.866</Actual-Total-Time>
                      <Actual-Rows>13746</Actual-Rows>
                      <Actual-Loops>1</Actual-Loops>
                    </Plan>
                    <Plan>
                      <Node-Type>Index Scan</Node-Type>
                      <Parent-Relationship>Inner</Parent-Relationship>
                      <Parallel-Aware>false</Parallel-Aware>
                      <Scan-Direction>Forward</Scan-Direction>
                      <Index-Name>publications_pkey</Index-Name>
                      <Relation-Name>publications</Relation-Name>
                      <Alias>publications_1</Alias>
                      <Startup-Cost>0.43</Startup-Cost>
                      <Total-Cost>6.63</Total-Cost>
                      <Plan-Rows>1</Plan-Rows>
                      <Plan-Width>4</Plan-Width>
                      <Actual-Startup-Time>0.003</Actual-Startup-Time>
                      <Actual-Total-Time>0.004</Actual-Total-Time>
                      <Actual-Rows>1</Actual-Rows>
                      <Actual-Loops>13746</Actual-Loops>
                      <Index-Cond>("pubID" = books."pubID")</Index-Cond>
                      <Rows-Removed-by-Index-Recheck>0</Rows-Removed-by-Index-Recheck>
                      <Filter>((year &gt;= 2000) AND (year &lt;= 2017))</Filter>
                      <Rows-Removed-by-Filter>0</Rows-Removed-by-Filter>
                    </Plan>
                  </Plans>
                </Plan>
              </Plans>
            </Plan>
            <Plan>
              <Node-Type>Aggregate</Node-Type>
              <Strategy>Plain</Strategy>
              <Partial-Mode>Simple</Partial-Mode>
              <Parent-Relationship>Member</Parent-Relationship>
              <Parallel-Aware>false</Parallel-Aware>
              <Startup-Cost>179477.51</Startup-Cost>
              <Total-Cost>179477.52</Total-Cost>
              <Plan-Rows>1</Plan-Rows>
              <Plan-Width>40</Plan-Width>
              <Actual-Startup-Time>1658.321</Actual-Startup-Time>
              <Actual-Total-Time>1658.321</Actual-Total-Time>
              <Actual-Rows>1</Actual-Rows>
              <Actual-Loops>1</Actual-Loops>
              <Plans>
                <Plan>
                  <Node-Type>Hash Join</Node-Type>
                  <Parent-Relationship>Outer</Parent-Relationship>
                  <Parallel-Aware>false</Parallel-Aware>
                  <Join-Type>Inner</Join-Type>
                  <Startup-Cost>1714.18</Startup-Cost>
                  <Total-Cost>179381.10</Total-Cost>
                  <Plan-Rows>38561</Plan-Rows>
                  <Plan-Width>0</Plan-Width>
                  <Actual-Startup-Time>825.411</Actual-Startup-Time>
                  <Actual-Total-Time>1656.622</Actual-Total-Time>
                  <Actual-Rows>43919</Actual-Rows>
                  <Actual-Loops>1</Actual-Loops>
                  <Hash-Cond>(publications_2."pubID" = incollections."pubID")</Hash-Cond>
                  <Plans>
                    <Plan>
                      <Node-Type>Seq Scan</Node-Type>
                      <Parent-Relationship>Outer</Parent-Relationship>
                      <Parallel-Aware>false</Parallel-Aware>
                      <Relation-Name>publications</Relation-Name>
                      <Alias>publications_2</Alias>
                      <Startup-Cost>0.00</Startup-Cost>
                      <Total-Cost>165103.14</Total-Cost>
                      <Plan-Rows>3247516</Plan-Rows>
                      <Plan-Width>4</Plan-Width>
                      <Actual-Startup-Time>0.014</Actual-Startup-Time>
                      <Actual-Total-Time>1254.079</Actual-Total-Time>
                      <Actual-Rows>3242071</Actual-Rows>
                      <Actual-Loops>1</Actual-Loops>
                      <Filter>((year &gt;= 2000) AND (year &lt;= 2017))</Filter>
                      <Rows-Removed-by-Filter>581578</Rows-Removed-by-Filter>
                    </Plan>
                    <Plan>
                      <Node-Type>Hash</Node-Type>
                      <Parent-Relationship>Inner</Parent-Relationship>
                      <Parallel-Aware>false</Parallel-Aware>
                      <Startup-Cost>1146.30</Startup-Cost>
                      <Total-Cost>1146.30</Total-Cost>
                      <Plan-Rows>45430</Plan-Rows>
                      <Plan-Width>4</Plan-Width>
                      <Actual-Startup-Time>27.363</Actual-Startup-Time>
                      <Actual-Total-Time>27.363</Actual-Total-Time>
                      <Actual-Rows>45430</Actual-Rows>
                      <Actual-Loops>1</Actual-Loops>
                      <Hash-Buckets>65536</Hash-Buckets>
                      <Original-Hash-Buckets>65536</Original-Hash-Buckets>
                      <Hash-Batches>1</Hash-Batches>
                      <Original-Hash-Batches>1</Original-Hash-Batches>
                      <Peak-Memory-Usage>2110</Peak-Memory-Usage>
                      <Plans>
                        <Plan>
                          <Node-Type>Seq Scan</Node-Type>
                          <Parent-Relationship>Outer</Parent-Relationship>
                          <Parallel-Aware>false</Parallel-Aware>
                          <Relation-Name>incollections</Relation-Name>
                          <Alias>incollections</Alias>
                          <Startup-Cost>0.00</Startup-Cost>
                          <Total-Cost>1146.30</Total-Cost>
                          <Plan-Rows>45430</Plan-Rows>
                          <Plan-Width>4</Plan-Width>
                          <Actual-Startup-Time>0.030</Actual-Startup-Time>
                          <Actual-Total-Time>20.804</Actual-Total-Time>
                          <Actual-Rows>45430</Actual-Rows>
                          <Actual-Loops>1</Actual-Loops>
                        </Plan>
                      </Plans>
                    </Plan>
                  </Plans>
                </Plan>
              </Plans>
            </Plan>
            <Plan>
              <Node-Type>Aggregate</Node-Type>
              <Strategy>Plain</Strategy>
              <Partial-Mode>Simple</Partial-Mode>
              <Parent-Relationship>Member</Parent-Relationship>
              <Parallel-Aware>false</Parallel-Aware>
              <Startup-Cost>178242.04</Startup-Cost>
              <Total-Cost>178242.05</Total-Cost>
              <Plan-Rows>1</Plan-Rows>
              <Plan-Width>40</Plan-Width>
              <Actual-Startup-Time>481.175</Actual-Startup-Time>
              <Actual-Total-Time>481.175</Actual-Total-Time>
              <Actual-Rows>1</Actual-Rows>
              <Actual-Loops>1</Actual-Loops>
              <Plans>
                <Plan>
                  <Node-Type>Nested Loop</Node-Type>
                  <Parent-Relationship>Outer</Parent-Relationship>
                  <Parallel-Aware>false</Parallel-Aware>
                  <Join-Type>Inner</Join-Type>
                  <Startup-Cost>0.43</Startup-Cost>
                  <Total-Cost>178168.46</Total-Cost>
                  <Plan-Rows>29431</Plan-Rows>
                  <Plan-Width>0</Plan-Width>
                  <Actual-Startup-Time>0.777</Actual-Startup-Time>
                  <Actual-Total-Time>479.161</Actual-Total-Time>
                  <Actual-Rows>29456</Actual-Rows>
                  <Actual-Loops>1</Actual-Loops>
                  <Plans>
                    <Plan>
                      <Node-Type>Seq Scan</Node-Type>
                      <Parent-Relationship>Outer</Parent-Relationship>
                      <Parallel-Aware>false</Parallel-Aware>
                      <Relation-Name>proceedings</Relation-Name>
                      <Alias>proceedings</Alias>
                      <Startup-Cost>0.00</Startup-Cost>
                      <Total-Cost>715.74</Total-Cost>
                      <Plan-Rows>34674</Plan-Rows>
                      <Plan-Width>4</Plan-Width>
                      <Actual-Startup-Time>0.014</Actual-Startup-Time>
                      <Actual-Total-Time>11.401</Actual-Total-Time>
                      <Actual-Rows>34674</Actual-Rows>
                      <Actual-Loops>1</Actual-Loops>
                    </Plan>
                    <Plan>
                      <Node-Type>Index Scan</Node-Type>
                      <Parent-Relationship>Inner</Parent-Relationship>
                      <Parallel-Aware>false</Parallel-Aware>
                      <Scan-Direction>Forward</Scan-Direction>
                      <Index-Name>publications_pkey</Index-Name>
                      <Relation-Name>publications</Relation-Name>
                      <Alias>publications_3</Alias>
                      <Startup-Cost>0.43</Startup-Cost>
                      <Total-Cost>5.11</Total-Cost>
                      <Plan-Rows>1</Plan-Rows>
                      <Plan-Width>4</Plan-Width>
                      <Actual-Startup-Time>0.013</Actual-Startup-Time>
                      <Actual-Total-Time>0.013</Actual-Total-Time>
                      <Actual-Rows>1</Actual-Rows>
                      <Actual-Loops>34674</Actual-Loops>
                      <Index-Cond>("pubID" = proceedings."pubID")</Index-Cond>
                      <Rows-Removed-by-Index-Recheck>0</Rows-Removed-by-Index-Recheck>
                      <Filter>((year &gt;= 2000) AND (year &lt;= 2017))</Filter>
                      <Rows-Removed-by-Filter>0</Rows-Removed-by-Filter>
                    </Plan>
                  </Plans>
                </Plan>
              </Plans>
            </Plan>
            <Plan>
              <Node-Type>Aggregate</Node-Type>
              <Strategy>Plain</Strategy>
              <Partial-Mode>Simple</Partial-Mode>
              <Parent-Relationship>Member</Parent-Relationship>
              <Parallel-Aware>false</Parallel-Aware>
              <Startup-Cost>308243.59</Startup-Cost>
              <Total-Cost>308243.60</Total-Cost>
              <Plan-Rows>1</Plan-Rows>
              <Plan-Width>40</Plan-Width>
              <Actual-Startup-Time>3574.071</Actual-Startup-Time>
              <Actual-Total-Time>3574.072</Actual-Total-Time>
              <Actual-Rows>1</Actual-Rows>
              <Actual-Loops>1</Actual-Loops>
              <Plans>
                <Plan>
                  <Node-Type>Hash Join</Node-Type>
                  <Parent-Relationship>Outer</Parent-Relationship>
                  <Parallel-Aware>false</Parallel-Aware>
                  <Join-Type>Inner</Join-Type>
                  <Startup-Cost>71954.88</Startup-Cost>
                  <Total-Cost>303920.19</Total-Cost>
                  <Plan-Rows>1729359</Plan-Rows>
                  <Plan-Width>0</Plan-Width>
                  <Actual-Startup-Time>1100.349</Actual-Startup-Time>
                  <Actual-Total-Time>3506.667</Actual-Total-Time>
                  <Actual-Rows>1759048</Actual-Rows>
                  <Actual-Loops>1</Actual-Loops>
                  <Hash-Cond>(publications_4."pubID" = inproceedings."pubID")</Hash-Cond>
                  <Plans>
                    <Plan>
                      <Node-Type>Seq Scan</Node-Type>
                      <Parent-Relationship>Outer</Parent-Relationship>
                      <Parallel-Aware>false</Parallel-Aware>
                      <Relation-Name>publications</Relation-Name>
                      <Alias>publications_4</Alias>
                      <Startup-Cost>0.00</Startup-Cost>
                      <Total-Cost>165103.14</Total-Cost>
                      <Plan-Rows>3247516</Plan-Rows>
                      <Plan-Width>4</Plan-Width>
                      <Actual-Startup-Time>0.051</Actual-Startup-Time>
                      <Actual-Total-Time>1308.746</Actual-Total-Time>
                      <Actual-Rows>3242071</Actual-Rows>
                      <Actual-Loops>1</Actual-Loops>
                      <Filter>((year &gt;= 2000) AND (year &lt;= 2017))</Filter>
                      <Rows-Removed-by-Filter>581578</Rows-Removed-by-Filter>
                    </Plan>
                    <Plan>
                      <Node-Type>Hash</Node-Type>
                      <Parent-Relationship>Inner</Parent-Relationship>
                      <Parallel-Aware>false</Parallel-Aware>
                      <Startup-Cost>38528.17</Startup-Cost>
                      <Total-Cost>38528.17</Total-Cost>
                      <Plan-Rows>2037417</Plan-Rows>
                      <Plan-Width>4</Plan-Width>
                      <Actual-Startup-Time>674.267</Actual-Startup-Time>
                      <Actual-Total-Time>674.267</Actual-Total-Time>
                      <Actual-Rows>2037417</Actual-Rows>
                      <Actual-Loops>1</Actual-Loops>
                      <Hash-Buckets>131072</Hash-Buckets>
                      <Original-Hash-Buckets>131072</Original-Hash-Buckets>
                      <Hash-Batches>32</Hash-Batches>
                      <Original-Hash-Batches>32</Original-Hash-Batches>
                      <Peak-Memory-Usage>3262</Peak-Memory-Usage>
                      <Plans>
                        <Plan>
                          <Node-Type>Seq Scan</Node-Type>
                          <Parent-Relationship>Outer</Parent-Relationship>
                          <Parallel-Aware>false</Parallel-Aware>
                          <Relation-Name>inproceedings</Relation-Name>
                          <Alias>inproceedings</Alias>
                          <Startup-Cost>0.00</Startup-Cost>
                          <Total-Cost>38528.17</Total-Cost>
                          <Plan-Rows>2037417</Plan-Rows>
                          <Plan-Width>4</Plan-Width>
                          <Actual-Startup-Time>0.028</Actual-Startup-Time>
                          <Actual-Total-Time>352.643</Actual-Total-Time>
                          <Actual-Rows>2037417</Actual-Rows>
                          <Actual-Loops>1</Actual-Loops>
                        </Plan>
                      </Plans>
                    </Plan>
                  </Plans>
                </Plan>
              </Plans>
            </Plan>
          </Plans>
        </Plan>
      </Plans>
    </Plan>
    <Planning-Time>147.149</Planning-Time>
    <Triggers>
    </Triggers>
    <Execution-Time>10759.424</Execution-Time>
  </Query>
</explain>