<?xml version="1.0" encoding="UTF-8"?><explain xmlns="http://www.postgresql.org/2009/explain">
  <Query>
    <Plan>
      <Node-Type>Aggregate</Node-Type>
      <Strategy>Hashed</Strategy>
      <Partial-Mode>Simple</Partial-Mode>
      <Parallel-Aware>false</Parallel-Aware>
      <Startup-Cost>3837103.90</Startup-Cost>
      <Total-Cost>3837107.90</Total-Cost>
      <Plan-Rows>400</Plan-Rows>
      <Plan-Width>40</Plan-Width>
      <Actual-Startup-Time>88769.628</Actual-Startup-Time>
      <Actual-Total-Time>88769.633</Actual-Total-Time>
      <Actual-Rows>37</Actual-Rows>
      <Actual-Loops>1</Actual-Loops>
      <Group-Key>
        <Item>authors."authorName"</Item>
        <Item>(count(*))</Item>
      </Group-Key>
      <Plans>
        <Plan>
          <Node-Type>Append</Node-Type>
          <Parent-Relationship>Outer</Parent-Relationship>
          <Parallel-Aware>false</Parallel-Aware>
          <Startup-Cost>2913766.32</Startup-Cost>
          <Total-Cost>3837101.90</Total-Cost>
          <Plan-Rows>400</Plan-Rows>
          <Plan-Width>40</Plan-Width>
          <Actual-Startup-Time>78861.626</Actual-Startup-Time>
          <Actual-Total-Time>88769.600</Actual-Total-Time>
          <Actual-Rows>71</Actual-Rows>
          <Actual-Loops>1</Actual-Loops>
          <Plans>
            <Plan>
              <Node-Type>Aggregate</Node-Type>
              <Strategy>Hashed</Strategy>
              <Partial-Mode>Simple</Partial-Mode>
              <Parent-Relationship>Member</Parent-Relationship>
              <Parallel-Aware>false</Parallel-Aware>
              <Startup-Cost>2913766.32</Startup-Cost>
              <Total-Cost>2913768.32</Total-Cost>
              <Plan-Rows>200</Plan-Rows>
              <Plan-Width>23</Plan-Width>
              <Actual-Startup-Time>78861.625</Actual-Startup-Time>
              <Actual-Total-Time>78861.632</Actual-Total-Time>
              <Actual-Rows>37</Actual-Rows>
              <Actual-Loops>1</Actual-Loops>
              <Group-Key>
                <Item>authors."authorName"</Item>
                <Item>(count(*))</Item>
              </Group-Key>
              <Plans>
                <Plan>
                  <Node-Type>Merge Join</Node-Type>
                  <Parent-Relationship>Outer</Parent-Relationship>
                  <Parallel-Aware>false</Parallel-Aware>
                  <Join-Type>Inner</Join-Type>
                  <Startup-Cost>2574461.92</Startup-Cost>
                  <Total-Cost>2843309.88</Total-Cost>
                  <Plan-Rows>14091289</Plan-Rows>
                  <Plan-Width>23</Plan-Width>
                  <Actual-Startup-Time>64857.526</Actual-Startup-Time>
                  <Actual-Total-Time>78861.436</Actual-Total-Time>
                  <Actual-Rows>37</Actual-Rows>
                  <Actual-Loops>1</Actual-Loops>
                  <Merge-Cond>(authors."authorName" = authors_1."authorName")</Merge-Cond>
                  <Plans>
                    <Plan>
                      <Node-Type>Aggregate</Node-Type>
                      <Strategy>Sorted</Strategy>
                      <Partial-Mode>Simple</Partial-Mode>
                      <Parent-Relationship>Outer</Parent-Relationship>
                      <Parallel-Aware>false</Parallel-Aware>
                      <Startup-Cost>412176.21</Startup-Cost>
                      <Total-Cost>412204.39</Total-Cost>
                      <Plan-Rows>1409</Plan-Rows>
                      <Plan-Width>23</Plan-Width>
                      <Actual-Startup-Time>3794.183</Actual-Startup-Time>
                      <Actual-Total-Time>3797.584</Actual-Total-Time>
                      <Actual-Rows>37</Actual-Rows>
                      <Actual-Loops>1</Actual-Loops>
                      <Group-Key>
                        <Item>authors."authorName"</Item>
                      </Group-Key>
                      <Filter>(count(*) &gt;= 15)</Filter>
                      <Rows-Removed-by-Filter>4230</Rows-Removed-by-Filter>
                      <Plans>
                        <Plan>
                          <Node-Type>Sort</Node-Type>
                          <Parent-Relationship>Outer</Parent-Relationship>
                          <Parallel-Aware>false</Parallel-Aware>
                          <Startup-Cost>412176.21</Startup-Cost>
                          <Total-Cost>412179.73</Total-Cost>
                          <Plan-Rows>1409</Plan-Rows>
                          <Plan-Width>15</Plan-Width>
                          <Actual-Startup-Time>3794.150</Actual-Startup-Time>
                          <Actual-Total-Time>3795.819</Actual-Total-Time>
                          <Actual-Rows>8360</Actual-Rows>
                          <Actual-Loops>1</Actual-Loops>
                          <Sort-Key>
                            <Item>authors."authorName"</Item>
                          </Sort-Key>
                          <Sort-Method>quicksort</Sort-Method>
                          <Sort-Space-Used>844</Sort-Space-Used>
                          <Sort-Space-Type>Memory</Sort-Space-Type>
                          <Plans>
                            <Plan>
                              <Node-Type>Nested Loop</Node-Type>
                              <Parent-Relationship>Outer</Parent-Relationship>
                              <Parallel-Aware>false</Parallel-Aware>
                              <Join-Type>Inner</Join-Type>
                              <Startup-Cost>155543.33</Startup-Cost>
                              <Total-Cost>412102.52</Total-Cost>
                              <Plan-Rows>1409</Plan-Rows>
                              <Plan-Width>15</Plan-Width>
                              <Actual-Startup-Time>2344.778</Actual-Startup-Time>
                              <Actual-Total-Time>3773.053</Actual-Total-Time>
                              <Actual-Rows>8360</Actual-Rows>
                              <Actual-Loops>1</Actual-Loops>
                              <Plans>
                                <Plan>
                                  <Node-Type>Hash Join</Node-Type>
                                  <Parent-Relationship>Outer</Parent-Relationship>
                                  <Parallel-Aware>false</Parallel-Aware>
                                  <Join-Type>Inner</Join-Type>
                                  <Startup-Cost>155542.90</Startup-Cost>
                                  <Total-Cost>411454.24</Total-Cost>
                                  <Plan-Rows>1409</Plan-Rows>
                                  <Plan-Width>4</Plan-Width>
                                  <Actual-Startup-Time>2344.755</Actual-Startup-Time>
                                  <Actual-Total-Time>3753.639</Actual-Total-Time>
                                  <Actual-Rows>8360</Actual-Rows>
                                  <Actual-Loops>1</Actual-Loops>
                                  <Hash-Cond>(authored."pubID" = publications."pubID")</Hash-Cond>
                                  <Plans>
                                    <Plan>
                                      <Node-Type>Seq Scan</Node-Type>
                                      <Parent-Relationship>Outer</Parent-Relationship>
                                      <Parallel-Aware>false</Parallel-Aware>
                                      <Relation-Name>authored</Relation-Name>
                                      <Alias>authored</Alias>
                                      <Startup-Cost>0.00</Startup-Cost>
                                      <Total-Cost>203098.00</Total-Cost>
                                      <Plan-Rows>14079800</Plan-Rows>
                                      <Plan-Width>8</Plan-Width>
                                      <Actual-Startup-Time>0.022</Actual-Startup-Time>
                                      <Actual-Total-Time>1368.665</Actual-Total-Time>
                                      <Actual-Rows>14079600</Actual-Rows>
                                      <Actual-Loops>1</Actual-Loops>
                                    </Plan>
                                    <Plan>
                                      <Node-Type>Hash</Node-Type>
                                      <Parent-Relationship>Inner</Parent-Relationship>
                                      <Parallel-Aware>false</Parallel-Aware>
                                      <Startup-Cost>155538.11</Startup-Cost>
                                      <Total-Cost>155538.11</Total-Cost>
                                      <Plan-Rows>383</Plan-Rows>
                                      <Plan-Width>4</Plan-Width>
                                      <Actual-Startup-Time>1116.727</Actual-Startup-Time>
                                      <Actual-Total-Time>1116.727</Actual-Total-Time>
                                      <Actual-Rows>1998</Actual-Rows>
                                      <Actual-Loops>1</Actual-Loops>
                                      <Hash-Buckets>2048</Hash-Buckets>
                                      <Original-Hash-Buckets>1024</Original-Hash-Buckets>
                                      <Hash-Batches>1</Hash-Batches>
                                      <Original-Hash-Batches>1</Original-Hash-Batches>
                                      <Peak-Memory-Usage>87</Peak-Memory-Usage>
                                      <Plans>
                                        <Plan>
                                          <Node-Type>Seq Scan</Node-Type>
                                          <Parent-Relationship>Outer</Parent-Relationship>
                                          <Parallel-Aware>false</Parallel-Aware>
                                          <Relation-Name>publications</Relation-Name>
                                          <Alias>publications</Alias>
                                          <Startup-Cost>0.00</Startup-Cost>
                                          <Total-Cost>155538.11</Total-Cost>
                                          <Plan-Rows>383</Plan-Rows>
                                          <Plan-Width>4</Plan-Width>
                                          <Actual-Startup-Time>489.987</Actual-Startup-Time>
                                          <Actual-Total-Time>1116.415</Actual-Total-Time>
                                          <Actual-Rows>1998</Actual-Rows>
                                          <Actual-Loops>1</Actual-Loops>
                                          <Filter>("pubKey" ~~ '%pvldb%'::text)</Filter>
                                          <Rows-Removed-by-Filter>3821651</Rows-Removed-by-Filter>
                                        </Plan>
                                      </Plans>
                                    </Plan>
                                  </Plans>
                                </Plan>
                                <Plan>
                                  <Node-Type>Index Scan</Node-Type>
                                  <Parent-Relationship>Inner</Parent-Relationship>
                                  <Parallel-Aware>false</Parallel-Aware>
                                  <Scan-Direction>Forward</Scan-Direction>
                                  <Index-Name>authors_pkey</Index-Name>
                                  <Relation-Name>authors</Relation-Name>
                                  <Alias>authors</Alias>
                                  <Startup-Cost>0.43</Startup-Cost>
                                  <Total-Cost>0.45</Total-Cost>
                                  <Plan-Rows>1</Plan-Rows>
                                  <Plan-Width>19</Plan-Width>
                                  <Actual-Startup-Time>0.002</Actual-Startup-Time>
                                  <Actual-Total-Time>0.002</Actual-Total-Time>
                                  <Actual-Rows>1</Actual-Rows>
                                  <Actual-Loops>8360</Actual-Loops>
                                  <Index-Cond>("authorID" = authored."authorID")</Index-Cond>
                                  <Rows-Removed-by-Index-Recheck>0</Rows-Removed-by-Index-Recheck>
                                </Plan>
                              </Plans>
                            </Plan>
                          </Plans>
                        </Plan>
                      </Plans>
                    </Plan>
                    <Plan>
                      <Node-Type>Materialize</Node-Type>
                      <Parent-Relationship>Inner</Parent-Relationship>
                      <Parallel-Aware>false</Parallel-Aware>
                      <Startup-Cost>2162285.71</Startup-Cost>
                      <Total-Cost>2224719.00</Total-Cost>
                      <Plan-Rows>2000183</Plan-Rows>
                      <Plan-Width>15</Plan-Width>
                      <Actual-Startup-Time>60934.367</Actual-Startup-Time>
                      <Actual-Total-Time>74566.663</Actual-Total-Time>
                      <Actual-Rows>1247262</Actual-Rows>
                      <Actual-Loops>1</Actual-Loops>
                      <Plans>
                        <Plan>
                          <Node-Type>Group</Node-Type>
                          <Parent-Relationship>Outer</Parent-Relationship>
                          <Parallel-Aware>false</Parallel-Aware>
                          <Startup-Cost>2162285.71</Startup-Cost>
                          <Total-Cost>2199716.71</Total-Cost>
                          <Plan-Rows>2000183</Plan-Rows>
                          <Plan-Width>15</Plan-Width>
                          <Actual-Startup-Time>60934.358</Actual-Startup-Time>
                          <Actual-Total-Time>74379.586</Actual-Total-Time>
                          <Actual-Rows>1247262</Actual-Rows>
                          <Actual-Loops>1</Actual-Loops>
                          <Group-Key>
                            <Item>authors_1."authorName"</Item>
                          </Group-Key>
                          <Plans>
                            <Plan>
                              <Node-Type>Sort</Node-Type>
                              <Parent-Relationship>Outer</Parent-Relationship>
                              <Parallel-Aware>false</Parallel-Aware>
                              <Startup-Cost>2162285.71</Startup-Cost>
                              <Total-Cost>2181001.21</Total-Cost>
                              <Plan-Rows>7486200</Plan-Rows>
                              <Plan-Width>15</Plan-Width>
                              <Actual-Startup-Time>60934.356</Actual-Startup-Time>
                              <Actual-Total-Time>73597.964</Actual-Total-Time>
                              <Actual-Rows>6330905</Actual-Rows>
                              <Actual-Loops>1</Actual-Loops>
                              <Sort-Key>
                                <Item>authors_1."authorName"</Item>
                              </Sort-Key>
                              <Sort-Method>external merge</Sort-Method>
                              <Sort-Space-Used>158136</Sort-Space-Used>
                              <Sort-Space-Type>Disk</Sort-Space-Type>
                              <Plans>
                                <Plan>
                                  <Node-Type>Hash Join</Node-Type>
                                  <Parent-Relationship>Outer</Parent-Relationship>
                                  <Parallel-Aware>false</Parallel-Aware>
                                  <Join-Type>Inner</Join-Type>
                                  <Startup-Cost>402835.80</Startup-Cost>
                                  <Total-Cost>1051640.80</Total-Cost>
                                  <Plan-Rows>7486200</Plan-Rows>
                                  <Plan-Width>15</Plan-Width>
                                  <Actual-Startup-Time>6368.558</Actual-Startup-Time>
                                  <Actual-Total-Time>17239.879</Actual-Total-Time>
                                  <Actual-Rows>6694980</Actual-Rows>
                                  <Actual-Loops>1</Actual-Loops>
                                  <Hash-Cond>(authored_1."authorID" = authors_1."authorID")</Hash-Cond>
                                  <Plans>
                                    <Plan>
                                      <Node-Type>Hash Join</Node-Type>
                                      <Parent-Relationship>Outer</Parent-Relationship>
                                      <Parallel-Aware>false</Parallel-Aware>
                                      <Join-Type>Inner</Join-Type>
                                      <Startup-Cost>333657.68</Startup-Cost>
                                      <Total-Cost>799963.68</Total-Cost>
                                      <Plan-Rows>7486200</Plan-Rows>
                                      <Plan-Width>4</Plan-Width>
                                      <Actual-Startup-Time>5014.648</Actual-Startup-Time>
                                      <Actual-Total-Time>11855.797</Actual-Total-Time>
                                      <Actual-Rows>6694980</Actual-Rows>
                                      <Actual-Loops>1</Actual-Loops>
                                      <Hash-Cond>(authored_1."pubID" = publications_1."pubID")</Hash-Cond>
                                      <Plans>
                                        <Plan>
                                          <Node-Type>Seq Scan</Node-Type>
                                          <Parent-Relationship>Outer</Parent-Relationship>
                                          <Parallel-Aware>false</Parallel-Aware>
                                          <Relation-Name>authored</Relation-Name>
                                          <Alias>authored_1</Alias>
                                          <Startup-Cost>0.00</Startup-Cost>
                                          <Total-Cost>203098.00</Total-Cost>
                                          <Plan-Rows>14079800</Plan-Rows>
                                          <Plan-Width>8</Plan-Width>
                                          <Actual-Startup-Time>0.016</Actual-Startup-Time>
                                          <Actual-Total-Time>1452.574</Actual-Total-Time>
                                          <Actual-Rows>14079600</Actual-Rows>
                                          <Actual-Loops>1</Actual-Loops>
                                        </Plan>
                                        <Plan>
                                          <Node-Type>Hash</Node-Type>
                                          <Parent-Relationship>Inner</Parent-Relationship>
                                          <Parallel-Aware>false</Parallel-Aware>
                                          <Startup-Cost>300282.17</Startup-Cost>
                                          <Total-Cost>300282.17</Total-Cost>
                                          <Plan-Rows>2034281</Plan-Rows>
                                          <Plan-Width>8</Plan-Width>
                                          <Actual-Startup-Time>4762.848</Actual-Startup-Time>
                                          <Actual-Total-Time>4762.848</Actual-Total-Time>
                                          <Actual-Rows>2029079</Actual-Rows>
                                          <Actual-Loops>1</Actual-Loops>
                                          <Hash-Buckets>131072</Hash-Buckets>
                                          <Original-Hash-Buckets>131072</Original-Hash-Buckets>
                                          <Hash-Batches>32</Hash-Batches>
                                          <Original-Hash-Batches>32</Original-Hash-Batches>
                                          <Peak-Memory-Usage>3507</Peak-Memory-Usage>
                                          <Plans>
                                            <Plan>
                                              <Node-Type>Hash Join</Node-Type>
                                              <Parent-Relationship>Outer</Parent-Relationship>
                                              <Parallel-Aware>false</Parallel-Aware>
                                              <Join-Type>Inner</Join-Type>
                                              <Startup-Cost>76997.23</Startup-Cost>
                                              <Total-Cost>300282.17</Total-Cost>
                                              <Plan-Rows>2034281</Plan-Rows>
                                              <Plan-Width>8</Plan-Width>
                                              <Actual-Startup-Time>934.507</Actual-Startup-Time>
                                              <Actual-Total-Time>4343.856</Actual-Total-Time>
                                              <Actual-Rows>2029079</Actual-Rows>
                                              <Actual-Loops>1</Actual-Loops>
                                              <Hash-Cond>(publications_1."pubID" = inproceedings."pubID")</Hash-Cond>
                                              <Plans>
                                                <Plan>
                                                  <Node-Type>Seq Scan</Node-Type>
                                                  <Parent-Relationship>Outer</Parent-Relationship>
                                                  <Parallel-Aware>false</Parallel-Aware>
                                                  <Relation-Name>publications</Relation-Name>
                                                  <Alias>publications_1</Alias>
                                                  <Startup-Cost>0.00</Startup-Cost>
                                                  <Total-Cost>145973.09</Total-Cost>
                                                  <Plan-Rows>3826009</Plan-Rows>
                                                  <Plan-Width>4</Plan-Width>
                                                  <Actual-Startup-Time>0.008</Actual-Startup-Time>
                                                  <Actual-Total-Time>1132.305</Actual-Total-Time>
                                                  <Actual-Rows>3823649</Actual-Rows>
                                                  <Actual-Loops>1</Actual-Loops>
                                                </Plan>
                                                <Plan>
                                                  <Node-Type>Hash</Node-Type>
                                                  <Parent-Relationship>Inner</Parent-Relationship>
                                                  <Parallel-Aware>false</Parallel-Aware>
                                                  <Startup-Cost>43621.71</Startup-Cost>
                                                  <Total-Cost>43621.71</Total-Cost>
                                                  <Plan-Rows>2034281</Plan-Rows>
                                                  <Plan-Width>4</Plan-Width>
                                                  <Actual-Startup-Time>798.698</Actual-Startup-Time>
                                                  <Actual-Total-Time>798.698</Actual-Total-Time>
                                                  <Actual-Rows>2029079</Actual-Rows>
                                                  <Actual-Loops>1</Actual-Loops>
                                                  <Hash-Buckets>131072</Hash-Buckets>
                                                  <Original-Hash-Buckets>131072</Original-Hash-Buckets>
                                                  <Hash-Batches>32</Hash-Batches>
                                                  <Original-Hash-Batches>32</Original-Hash-Batches>
                                                  <Peak-Memory-Usage>3252</Peak-Memory-Usage>
                                                  <Plans>
                                                    <Plan>
                                                      <Node-Type>Seq Scan</Node-Type>
                                                      <Parent-Relationship>Outer</Parent-Relationship>
                                                      <Parallel-Aware>false</Parallel-Aware>
                                                      <Relation-Name>inproceedings</Relation-Name>
                                                      <Alias>inproceedings</Alias>
                                                      <Startup-Cost>0.00</Startup-Cost>
                                                      <Total-Cost>43621.71</Total-Cost>
                                                      <Plan-Rows>2034281</Plan-Rows>
                                                      <Plan-Width>4</Plan-Width>
                                                      <Actual-Startup-Time>0.051</Actual-Startup-Time>
                                                      <Actual-Total-Time>488.584</Actual-Total-Time>
                                                      <Actual-Rows>2029079</Actual-Rows>
                                                      <Actual-Loops>1</Actual-Loops>
                                                      <Filter>(booktitle !~~ '%KDD%'::text)</Filter>
                                                      <Rows-Removed-by-Filter>8338</Rows-Removed-by-Filter>
                                                    </Plan>
                                                  </Plans>
                                                </Plan>
                                              </Plans>
                                            </Plan>
                                          </Plans>
                                        </Plan>
                                      </Plans>
                                    </Plan>
                                    <Plan>
                                      <Node-Type>Hash</Node-Type>
                                      <Parent-Relationship>Inner</Parent-Relationship>
                                      <Parallel-Aware>false</Parallel-Aware>
                                      <Startup-Cost>32455.83</Startup-Cost>
                                      <Total-Cost>32455.83</Total-Cost>
                                      <Plan-Rows>2000183</Plan-Rows>
                                      <Plan-Width>19</Plan-Width>
                                      <Actual-Startup-Time>1350.015</Actual-Startup-Time>
                                      <Actual-Total-Time>1350.015</Actual-Total-Time>
                                      <Actual-Rows>2000183</Actual-Rows>
                                      <Actual-Loops>1</Actual-Loops>
                                      <Hash-Buckets>65536</Hash-Buckets>
                                      <Original-Hash-Buckets>65536</Original-Hash-Buckets>
                                      <Hash-Batches>32</Hash-Batches>
                                      <Original-Hash-Batches>32</Original-Hash-Batches>
                                      <Peak-Memory-Usage>3746</Peak-Memory-Usage>
                                      <Plans>
                                        <Plan>
                                          <Node-Type>Seq Scan</Node-Type>
                                          <Parent-Relationship>Outer</Parent-Relationship>
                                          <Parallel-Aware>false</Parallel-Aware>
                                          <Relation-Name>authors</Relation-Name>
                                          <Alias>authors_1</Alias>
                                          <Startup-Cost>0.00</Startup-Cost>
                                          <Total-Cost>32455.83</Total-Cost>
                                          <Plan-Rows>2000183</Plan-Rows>
                                          <Plan-Width>19</Plan-Width>
                                          <Actual-Startup-Time>0.059</Actual-Startup-Time>
                                          <Actual-Total-Time>553.136</Actual-Total-Time>
                                          <Actual-Rows>2000183</Actual-Rows>
                                          <Actual-Loops>1</Actual-Loops>
                                        </Plan>
                                      </Plans>
                                    </Plan>
                                  </Plans>
                                </Plan>
                              </Plans>
                            </Plan>
                          </Plans>
                        </Plan>
                      </Plans>
                    </Plan>
                  </Plans>
                </Plan>
              </Plans>
            </Plan>
            <Plan>
              <Node-Type>Aggregate</Node-Type>
              <Strategy>Hashed</Strategy>
              <Partial-Mode>Simple</Partial-Mode>
              <Parent-Relationship>Member</Parent-Relationship>
              <Parallel-Aware>false</Parallel-Aware>
              <Startup-Cost>923327.58</Startup-Cost>
              <Total-Cost>923329.58</Total-Cost>
              <Plan-Rows>200</Plan-Rows>
              <Plan-Width>23</Plan-Width>
              <Actual-Startup-Time>9907.958</Actual-Startup-Time>
              <Actual-Total-Time>9907.965</Actual-Total-Time>
              <Actual-Rows>34</Actual-Rows>
              <Actual-Loops>1</Actual-Loops>
              <Group-Key>
                <Item>authors_2."authorName"</Item>
                <Item>(count(*))</Item>
              </Group-Key>
              <Plans>
                <Plan>
                  <Node-Type>Merge Join</Node-Type>
                  <Parent-Relationship>Outer</Parent-Relationship>
                  <Parallel-Aware>false</Parallel-Aware>
                  <Join-Type>Inner</Join-Type>
                  <Startup-Cost>903390.50</Startup-Cost>
                  <Total-Cost>918833.22</Total-Cost>
                  <Plan-Rows>898872</Plan-Rows>
                  <Plan-Width>23</Plan-Width>
                  <Actual-Startup-Time>9835.553</Actual-Startup-Time>
                  <Actual-Total-Time>9907.875</Actual-Total-Time>
                  <Actual-Rows>34</Actual-Rows>
                  <Actual-Loops>1</Actual-Loops>
                  <Merge-Cond>(authors_2."authorName" = authors_3."authorName")</Merge-Cond>
                  <Plans>
                    <Plan>
                      <Node-Type>Aggregate</Node-Type>
                      <Strategy>Sorted</Strategy>
                      <Partial-Mode>Simple</Partial-Mode>
                      <Parent-Relationship>Outer</Parent-Relationship>
                      <Parallel-Aware>false</Parallel-Aware>
                      <Startup-Cost>412176.21</Startup-Cost>
                      <Total-Cost>412204.39</Total-Cost>
                      <Plan-Rows>1409</Plan-Rows>
                      <Plan-Width>23</Plan-Width>
                      <Actual-Startup-Time>4106.624</Actual-Startup-Time>
                      <Actual-Total-Time>4110.343</Actual-Total-Time>
                      <Actual-Rows>37</Actual-Rows>
                      <Actual-Loops>1</Actual-Loops>
                      <Group-Key>
                        <Item>authors_2."authorName"</Item>
                      </Group-Key>
                      <Filter>(count(*) &gt;= 15)</Filter>
                      <Rows-Removed-by-Filter>4230</Rows-Removed-by-Filter>
                      <Plans>
                        <Plan>
                          <Node-Type>Sort</Node-Type>
                          <Parent-Relationship>Outer</Parent-Relationship>
                          <Parallel-Aware>false</Parallel-Aware>
                          <Startup-Cost>412176.21</Startup-Cost>
                          <Total-Cost>412179.73</Total-Cost>
                          <Plan-Rows>1409</Plan-Rows>
                          <Plan-Width>15</Plan-Width>
                          <Actual-Startup-Time>4106.592</Actual-Startup-Time>
                          <Actual-Total-Time>4108.073</Actual-Total-Time>
                          <Actual-Rows>8360</Actual-Rows>
                          <Actual-Loops>1</Actual-Loops>
                          <Sort-Key>
                            <Item>authors_2."authorName"</Item>
                          </Sort-Key>
                          <Sort-Method>quicksort</Sort-Method>
                          <Sort-Space-Used>844</Sort-Space-Used>
                          <Sort-Space-Type>Memory</Sort-Space-Type>
                          <Plans>
                            <Plan>
                              <Node-Type>Nested Loop</Node-Type>
                              <Parent-Relationship>Outer</Parent-Relationship>
                              <Parallel-Aware>false</Parallel-Aware>
                              <Join-Type>Inner</Join-Type>
                              <Startup-Cost>155543.33</Startup-Cost>
                              <Total-Cost>412102.52</Total-Cost>
                              <Plan-Rows>1409</Plan-Rows>
                              <Plan-Width>15</Plan-Width>
                              <Actual-Startup-Time>2595.710</Actual-Startup-Time>
                              <Actual-Total-Time>4077.250</Actual-Total-Time>
                              <Actual-Rows>8360</Actual-Rows>
                              <Actual-Loops>1</Actual-Loops>
                              <Plans>
                                <Plan>
                                  <Node-Type>Hash Join</Node-Type>
                                  <Parent-Relationship>Outer</Parent-Relationship>
                                  <Parallel-Aware>false</Parallel-Aware>
                                  <Join-Type>Inner</Join-Type>
                                  <Startup-Cost>155542.90</Startup-Cost>
                                  <Total-Cost>411454.24</Total-Cost>
                                  <Plan-Rows>1409</Plan-Rows>
                                  <Plan-Width>4</Plan-Width>
                                  <Actual-Startup-Time>2595.696</Actual-Startup-Time>
                                  <Actual-Total-Time>4060.267</Actual-Total-Time>
                                  <Actual-Rows>8360</Actual-Rows>
                                  <Actual-Loops>1</Actual-Loops>
                                  <Hash-Cond>(authored_2."pubID" = publications_2."pubID")</Hash-Cond>
                                  <Plans>
                                    <Plan>
                                      <Node-Type>Seq Scan</Node-Type>
                                      <Parent-Relationship>Outer</Parent-Relationship>
                                      <Parallel-Aware>false</Parallel-Aware>
                                      <Relation-Name>authored</Relation-Name>
                                      <Alias>authored_2</Alias>
                                      <Startup-Cost>0.00</Startup-Cost>
                                      <Total-Cost>203098.00</Total-Cost>
                                      <Plan-Rows>14079800</Plan-Rows>
                                      <Plan-Width>8</Plan-Width>
                                      <Actual-Startup-Time>0.019</Actual-Startup-Time>
                                      <Actual-Total-Time>1231.917</Actual-Total-Time>
                                      <Actual-Rows>14079600</Actual-Rows>
                                      <Actual-Loops>1</Actual-Loops>
                                    </Plan>
                                    <Plan>
                                      <Node-Type>Hash</Node-Type>
                                      <Parent-Relationship>Inner</Parent-Relationship>
                                      <Parallel-Aware>false</Parallel-Aware>
                                      <Startup-Cost>155538.11</Startup-Cost>
                                      <Total-Cost>155538.11</Total-Cost>
                                      <Plan-Rows>383</Plan-Rows>
                                      <Plan-Width>4</Plan-Width>
                                      <Actual-Startup-Time>1621.483</Actual-Startup-Time>
                                      <Actual-Total-Time>1621.483</Actual-Total-Time>
                                      <Actual-Rows>1998</Actual-Rows>
                                      <Actual-Loops>1</Actual-Loops>
                                      <Hash-Buckets>2048</Hash-Buckets>
                                      <Original-Hash-Buckets>1024</Original-Hash-Buckets>
                                      <Hash-Batches>1</Hash-Batches>
                                      <Original-Hash-Batches>1</Original-Hash-Batches>
                                      <Peak-Memory-Usage>87</Peak-Memory-Usage>
                                      <Plans>
                                        <Plan>
                                          <Node-Type>Seq Scan</Node-Type>
                                          <Parent-Relationship>Outer</Parent-Relationship>
                                          <Parallel-Aware>false</Parallel-Aware>
                                          <Relation-Name>publications</Relation-Name>
                                          <Alias>publications_2</Alias>
                                          <Startup-Cost>0.00</Startup-Cost>
                                          <Total-Cost>155538.11</Total-Cost>
                                          <Plan-Rows>383</Plan-Rows>
                                          <Plan-Width>4</Plan-Width>
                                          <Actual-Startup-Time>695.357</Actual-Startup-Time>
                                          <Actual-Total-Time>1621.213</Actual-Total-Time>
                                          <Actual-Rows>1998</Actual-Rows>
                                          <Actual-Loops>1</Actual-Loops>
                                          <Filter>("pubKey" ~~ '%pvldb%'::text)</Filter>
                                          <Rows-Removed-by-Filter>3821651</Rows-Removed-by-Filter>
                                        </Plan>
                                      </Plans>
                                    </Plan>
                                  </Plans>
                                </Plan>
                                <Plan>
                                  <Node-Type>Index Scan</Node-Type>
                                  <Parent-Relationship>Inner</Parent-Relationship>
                                  <Parallel-Aware>false</Parallel-Aware>
                                  <Scan-Direction>Forward</Scan-Direction>
                                  <Index-Name>authors_pkey</Index-Name>
                                  <Relation-Name>authors</Relation-Name>
                                  <Alias>authors_2</Alias>
                                  <Startup-Cost>0.43</Startup-Cost>
                                  <Total-Cost>0.45</Total-Cost>
                                  <Plan-Rows>1</Plan-Rows>
                                  <Plan-Width>19</Plan-Width>
                                  <Actual-Startup-Time>0.002</Actual-Startup-Time>
                                  <Actual-Total-Time>0.002</Actual-Total-Time>
                                  <Actual-Rows>1</Actual-Rows>
                                  <Actual-Loops>8360</Actual-Loops>
                                  <Index-Cond>("authorID" = authored_2."authorID")</Index-Cond>
                                  <Rows-Removed-by-Index-Recheck>0</Rows-Removed-by-Index-Recheck>
                                </Plan>
                              </Plans>
                            </Plan>
                          </Plans>
                        </Plan>
                      </Plans>
                    </Plan>
                    <Plan>
                      <Node-Type>Materialize</Node-Type>
                      <Parent-Relationship>Inner</Parent-Relationship>
                      <Parallel-Aware>false</Parallel-Aware>
                      <Startup-Cost>491214.29</Startup-Cost>
                      <Total-Cost>493447.11</Total-Cost>
                      <Plan-Rows>127590</Plan-Rows>
                      <Plan-Width>15</Plan-Width>
                      <Actual-Startup-Time>5728.222</Actual-Startup-Time>
                      <Actual-Total-Time>5781.407</Actual-Total-Time>
                      <Actual-Rows>32144</Actual-Rows>
                      <Actual-Loops>1</Actual-Loops>
                      <Plans>
                        <Plan>
                          <Node-Type>Group</Node-Type>
                          <Parent-Relationship>Outer</Parent-Relationship>
                          <Parallel-Aware>false</Parallel-Aware>
                          <Startup-Cost>491214.29</Startup-Cost>
                          <Total-Cost>491852.24</Total-Cost>
                          <Plan-Rows>127590</Plan-Rows>
                          <Plan-Width>15</Plan-Width>
                          <Actual-Startup-Time>5728.208</Actual-Startup-Time>
                          <Actual-Total-Time>5776.330</Actual-Total-Time>
                          <Actual-Rows>32144</Actual-Rows>
                          <Actual-Loops>1</Actual-Loops>
                          <Group-Key>
                            <Item>authors_3."authorName"</Item>
                          </Group-Key>
                          <Plans>
                            <Plan>
                              <Node-Type>Sort</Node-Type>
                              <Parent-Relationship>Outer</Parent-Relationship>
                              <Parallel-Aware>false</Parallel-Aware>
                              <Startup-Cost>491214.29</Startup-Cost>
                              <Total-Cost>491533.26</Total-Cost>
                              <Plan-Rows>127590</Plan-Rows>
                              <Plan-Width>15</Plan-Width>
                              <Actual-Startup-Time>5728.205</Actual-Startup-Time>
                              <Actual-Total-Time>5761.077</Actual-Total-Time>
                              <Actual-Rows>86061</Actual-Rows>
                              <Actual-Loops>1</Actual-Loops>
                              <Sort-Key>
                                <Item>authors_3."authorName"</Item>
                              </Sort-Key>
                              <Sort-Method>external merge</Sort-Method>
                              <Sort-Space-Used>2104</Sort-Space-Used>
                              <Sort-Space-Type>Disk</Sort-Space-Type>
                              <Plans>
                                <Plan>
                                  <Node-Type>Nested Loop</Node-Type>
                                  <Parent-Relationship>Outer</Parent-Relationship>
                                  <Parallel-Aware>false</Parallel-Aware>
                                  <Join-Type>Inner</Join-Type>
                                  <Startup-Cost>162336.96</Startup-Cost>
                                  <Total-Cost>478213.42</Total-Cost>
                                  <Plan-Rows>127590</Plan-Rows>
                                  <Plan-Width>15</Plan-Width>
                                  <Actual-Startup-Time>1684.409</Actual-Startup-Time>
                                  <Actual-Total-Time>5203.771</Actual-Total-Time>
                                  <Actual-Rows>88353</Actual-Rows>
                                  <Actual-Loops>1</Actual-Loops>
                                  <Plans>
                                    <Plan>
                                      <Node-Type>Hash Join</Node-Type>
                                      <Parent-Relationship>Outer</Parent-Relationship>
                                      <Parallel-Aware>false</Parallel-Aware>
                                      <Join-Type>Inner</Join-Type>
                                      <Startup-Cost>162336.53</Startup-Cost>
                                      <Total-Cost>419509.68</Total-Cost>
                                      <Plan-Rows>127590</Plan-Rows>
                                      <Plan-Width>4</Plan-Width>
                                      <Actual-Startup-Time>1684.392</Actual-Startup-Time>
                                      <Actual-Total-Time>4213.355</Actual-Total-Time>
                                      <Actual-Rows>88353</Actual-Rows>
                                      <Actual-Loops>1</Actual-Loops>
                                      <Hash-Cond>(authored_3."pubID" = publications_3."pubID")</Hash-Cond>
                                      <Plans>
                                        <Plan>
                                          <Node-Type>Seq Scan</Node-Type>
                                          <Parent-Relationship>Outer</Parent-Relationship>
                                          <Parallel-Aware>false</Parallel-Aware>
                                          <Relation-Name>authored</Relation-Name>
                                          <Alias>authored_3</Alias>
                                          <Startup-Cost>0.00</Startup-Cost>
                                          <Total-Cost>203098.00</Total-Cost>
                                          <Plan-Rows>14079800</Plan-Rows>
                                          <Plan-Width>8</Plan-Width>
                                          <Actual-Startup-Time>0.024</Actual-Startup-Time>
                                          <Actual-Total-Time>1304.462</Actual-Total-Time>
                                          <Actual-Rows>14079600</Actual-Rows>
                                          <Actual-Loops>1</Actual-Loops>
                                        </Plan>
                                        <Plan>
                                          <Node-Type>Hash</Node-Type>
                                          <Parent-Relationship>Inner</Parent-Relationship>
                                          <Parallel-Aware>false</Parallel-Aware>
                                          <Startup-Cost>161903.15</Startup-Cost>
                                          <Total-Cost>161903.15</Total-Cost>
                                          <Plan-Rows>34671</Plan-Rows>
                                          <Plan-Width>8</Plan-Width>
                                          <Actual-Startup-Time>1653.505</Actual-Startup-Time>
                                          <Actual-Total-Time>1653.505</Actual-Total-Time>
                                          <Actual-Rows>34508</Actual-Rows>
                                          <Actual-Loops>1</Actual-Loops>
                                          <Hash-Buckets>65536</Hash-Buckets>
                                          <Original-Hash-Buckets>65536</Original-Hash-Buckets>
                                          <Hash-Batches>1</Hash-Batches>
                                          <Original-Hash-Batches>1</Original-Hash-Batches>
                                          <Peak-Memory-Usage>1860</Peak-Memory-Usage>
                                          <Plans>
                                            <Plan>
                                              <Node-Type>Hash Join</Node-Type>
                                              <Parent-Relationship>Outer</Parent-Relationship>
                                              <Parallel-Aware>false</Parallel-Aware>
                                              <Join-Type>Inner</Join-Type>
                                              <Startup-Cost>1235.81</Startup-Cost>
                                              <Total-Cost>161903.15</Total-Cost>
                                              <Plan-Rows>34671</Plan-Rows>
                                              <Plan-Width>8</Plan-Width>
                                              <Actual-Startup-Time>13.738</Actual-Startup-Time>
                                              <Actual-Total-Time>1645.760</Actual-Total-Time>
                                              <Actual-Rows>34508</Actual-Rows>
                                              <Actual-Loops>1</Actual-Loops>
                                              <Hash-Cond>(publications_3."pubID" = proceedings."pubID")</Hash-Cond>
                                              <Plans>
                                                <Plan>
                                                  <Node-Type>Seq Scan</Node-Type>
                                                  <Parent-Relationship>Outer</Parent-Relationship>
                                                  <Parallel-Aware>false</Parallel-Aware>
                                                  <Relation-Name>publications</Relation-Name>
                                                  <Alias>publications_3</Alias>
                                                  <Startup-Cost>0.00</Startup-Cost>
                                                  <Total-Cost>145973.09</Total-Cost>
                                                  <Plan-Rows>3826009</Plan-Rows>
                                                  <Plan-Width>4</Plan-Width>
                                                  <Actual-Startup-Time>0.009</Actual-Startup-Time>
                                                  <Actual-Total-Time>1099.047</Actual-Total-Time>
                                                  <Actual-Rows>3823649</Actual-Rows>
                                                  <Actual-Loops>1</Actual-Loops>
                                                </Plan>
                                                <Plan>
                                                  <Node-Type>Hash</Node-Type>
                                                  <Parent-Relationship>Inner</Parent-Relationship>
                                                  <Parallel-Aware>false</Parallel-Aware>
                                                  <Startup-Cost>802.42</Startup-Cost>
                                                  <Total-Cost>802.42</Total-Cost>
                                                  <Plan-Rows>34671</Plan-Rows>
                                                  <Plan-Width>4</Plan-Width>
                                                  <Actual-Startup-Time>13.558</Actual-Startup-Time>
                                                  <Actual-Total-Time>13.558</Actual-Total-Time>
                                                  <Actual-Rows>34508</Actual-Rows>
                                                  <Actual-Loops>1</Actual-Loops>
                                                  <Hash-Buckets>65536</Hash-Buckets>
                                                  <Original-Hash-Buckets>65536</Original-Hash-Buckets>
                                                  <Hash-Batches>1</Hash-Batches>
                                                  <Original-Hash-Batches>1</Original-Hash-Batches>
                                                  <Peak-Memory-Usage>1726</Peak-Memory-Usage>
                                                  <Plans>
                                                    <Plan>
                                                      <Node-Type>Seq Scan</Node-Type>
                                                      <Parent-Relationship>Outer</Parent-Relationship>
                                                      <Parallel-Aware>false</Parallel-Aware>
                                                      <Relation-Name>proceedings</Relation-Name>
                                                      <Alias>proceedings</Alias>
                                                      <Startup-Cost>0.00</Startup-Cost>
                                                      <Total-Cost>802.42</Total-Cost>
                                                      <Plan-Rows>34671</Plan-Rows>
                                                      <Plan-Width>4</Plan-Width>
                                                      <Actual-Startup-Time>0.040</Actual-Startup-Time>
                                                      <Actual-Total-Time>10.063</Actual-Total-Time>
                                                      <Actual-Rows>34508</Actual-Rows>
                                                      <Actual-Loops>1</Actual-Loops>
                                                      <Filter>(booktitle !~~ '%KDD%'::text)</Filter>
                                                      <Rows-Removed-by-Filter>166</Rows-Removed-by-Filter>
                                                    </Plan>
                                                  </Plans>
                                                </Plan>
                                              </Plans>
                                            </Plan>
                                          </Plans>
                                        </Plan>
                                      </Plans>
                                    </Plan>
                                    <Plan>
                                      <Node-Type>Index Scan</Node-Type>
                                      <Parent-Relationship>Inner</Parent-Relationship>
                                      <Parallel-Aware>false</Parallel-Aware>
                                      <Scan-Direction>Forward</Scan-Direction>
                                      <Index-Name>authors_pkey</Index-Name>
                                      <Relation-Name>authors</Relation-Name>
                                      <Alias>authors_3</Alias>
                                      <Startup-Cost>0.43</Startup-Cost>
                                      <Total-Cost>0.45</Total-Cost>
                                      <Plan-Rows>1</Plan-Rows>
                                      <Plan-Width>19</Plan-Width>
                                      <Actual-Startup-Time>0.011</Actual-Startup-Time>
                                      <Actual-Total-Time>0.011</Actual-Total-Time>
                                      <Actual-Rows>1</Actual-Rows>
                                      <Actual-Loops>88353</Actual-Loops>
                                      <Index-Cond>("authorID" = authored_3."authorID")</Index-Cond>
                                      <Rows-Removed-by-Index-Recheck>0</Rows-Removed-by-Index-Recheck>
                                    </Plan>
                                  </Plans>
                                </Plan>
                              </Plans>
                            </Plan>
                          </Plans>
                        </Plan>
                      </Plans>
                    </Plan>
                  </Plans>
                </Plan>
              </Plans>
            </Plan>
          </Plans>
        </Plan>
      </Plans>
    </Plan>
    <Planning-Time>8.362</Planning-Time>
    <Triggers>
    </Triggers>
    <Execution-Time>88804.724</Execution-Time>
  </Query>
</explain>