<?xml version="1.0" encoding="UTF-8"?><explain xmlns="http://www.postgresql.org/2009/explain">
  <Query>
    <Plan>
      <Node-Type>Append</Node-Type>
      <Parallel-Aware>false</Parallel-Aware>
      <Startup-Cost>198185.25</Startup-Cost>
      <Total-Cost>204651.20</Total-Cost>
      <Plan-Rows>73214</Plan-Rows>
      <Plan-Width>21</Plan-Width>
      <Actual-Startup-Time>1665.074</Actual-Startup-Time>
      <Actual-Total-Time>1746.362</Actual-Total-Time>
      <Actual-Rows>41</Actual-Rows>
      <Actual-Loops>1</Actual-Loops>
      <Plans>
        <Plan>
          <Node-Type>Aggregate</Node-Type>
          <Strategy>Sorted</Strategy>
          <Partial-Mode>Simple</Partial-Mode>
          <Parent-Relationship>Member</Parent-Relationship>
          <Parallel-Aware>false</Parallel-Aware>
          <Startup-Cost>198185.25</Startup-Cost>
          <Total-Cost>199805.00</Total-Cost>
          <Plan-Rows>71989</Plan-Rows>
          <Plan-Width>21</Plan-Width>
          <Actual-Startup-Time>1665.074</Actual-Startup-Time>
          <Actual-Total-Time>1690.205</Actual-Total-Time>
          <Actual-Rows>41</Actual-Rows>
          <Actual-Loops>1</Actual-Loops>
          <Group-Key>
            <Item>inproceedings.booktitle</Item>
            <Item>publications.year</Item>
          </Group-Key>
          <Filter>(count(*) &gt; '200'::bigint)</Filter>
          <Rows-Removed-by-Filter>12513</Rows-Removed-by-Filter>
          <Plans>
            <Plan>
              <Node-Type>Sort</Node-Type>
              <Parent-Relationship>Outer</Parent-Relationship>
              <Parallel-Aware>false</Parallel-Aware>
              <Startup-Cost>198185.25</Startup-Cost>
              <Total-Cost>198365.22</Total-Cost>
              <Plan-Rows>71989</Plan-Rows>
              <Plan-Width>13</Plan-Width>
              <Actual-Startup-Time>1663.460</Actual-Startup-Time>
              <Actual-Total-Time>1678.681</Actual-Total-Time>
              <Actual-Rows>74787</Actual-Rows>
              <Actual-Loops>1</Actual-Loops>
              <Sort-Key>
                <Item>inproceedings.booktitle</Item>
                <Item>publications.year</Item>
              </Sort-Key>
              <Sort-Method>external merge</Sort-Method>
              <Sort-Space-Used>1792</Sort-Space-Used>
              <Sort-Space-Type>Disk</Sort-Space-Type>
              <Plans>
                <Plan>
                  <Node-Type>Merge Join</Node-Type>
                  <Parent-Relationship>Outer</Parent-Relationship>
                  <Parallel-Aware>false</Parallel-Aware>
                  <Join-Type>Inner</Join-Type>
                  <Startup-Cost>4.07</Startup-Cost>
                  <Total-Cost>192377.36</Total-Cost>
                  <Plan-Rows>71989</Plan-Rows>
                  <Plan-Width>13</Plan-Width>
                  <Actual-Startup-Time>0.253</Actual-Startup-Time>
                  <Actual-Total-Time>1356.646</Actual-Total-Time>
                  <Actual-Rows>74787</Actual-Rows>
                  <Actual-Loops>1</Actual-Loops>
                  <Merge-Cond>(inproceedings."inproceedingsID" = publications."pubID")</Merge-Cond>
                  <Plans>
                    <Plan>
                      <Node-Type>Index Scan</Node-Type>
                      <Parent-Relationship>Outer</Parent-Relationship>
                      <Parallel-Aware>false</Parallel-Aware>
                      <Scan-Direction>Forward</Scan-Direction>
                      <Index-Name>inproceedings_pkey</Index-Name>
                      <Relation-Name>inproceedings</Relation-Name>
                      <Alias>inproceedings</Alias>
                      <Startup-Cost>0.43</Startup-Cost>
                      <Total-Cost>71074.68</Total-Cost>
                      <Plan-Rows>2037417</Plan-Rows>
                      <Plan-Width>13</Plan-Width>
                      <Actual-Startup-Time>0.008</Actual-Startup-Time>
                      <Actual-Total-Time>401.505</Actual-Total-Time>
                      <Actual-Rows>2037417</Actual-Rows>
                      <Actual-Loops>1</Actual-Loops>
                    </Plan>
                    <Plan>
                      <Node-Type>Index Scan</Node-Type>
                      <Parent-Relationship>Inner</Parent-Relationship>
                      <Parallel-Aware>false</Parallel-Aware>
                      <Scan-Direction>Forward</Scan-Direction>
                      <Index-Name>publications_pkey</Index-Name>
                      <Relation-Name>publications</Relation-Name>
                      <Alias>publications</Alias>
                      <Startup-Cost>0.43</Startup-Cost>
                      <Total-Cost>216619.86</Total-Cost>
                      <Plan-Rows>135186</Plan-Rows>
                      <Plan-Width>8</Plan-Width>
                      <Actual-Startup-Time>0.170</Actual-Startup-Time>
                      <Actual-Total-Time>828.488</Actual-Total-Time>
                      <Actual-Rows>74788</Actual-Rows>
                      <Actual-Loops>1</Actual-Loops>
                      <Filter>(month = 'July'::text)</Filter>
                      <Rows-Removed-by-Filter>1962641</Rows-Removed-by-Filter>
                    </Plan>
                  </Plans>
                </Plan>
              </Plans>
            </Plan>
          </Plans>
        </Plan>
        <Plan>
          <Node-Type>Aggregate</Node-Type>
          <Strategy>Hashed</Strategy>
          <Partial-Mode>Simple</Partial-Mode>
          <Parent-Relationship>Member</Parent-Relationship>
          <Parallel-Aware>false</Parallel-Aware>
          <Startup-Cost>3369.67</Startup-Cost>
          <Total-Cost>3381.92</Total-Cost>
          <Plan-Rows>1225</Plan-Rows>
          <Plan-Width>23</Plan-Width>
          <Actual-Startup-Time>56.151</Actual-Startup-Time>
          <Actual-Total-Time>56.151</Actual-Total-Time>
          <Actual-Rows>0</Actual-Rows>
          <Actual-Loops>1</Actual-Loops>
          <Group-Key>
            <Item>proceedings.booktitle</Item>
            <Item>publications_1.year</Item>
          </Group-Key>
          <Filter>(count(*) &gt; '200'::bigint)</Filter>
          <Rows-Removed-by-Filter>2093</Rows-Removed-by-Filter>
          <Plans>
            <Plan>
              <Node-Type>Merge Join</Node-Type>
              <Parent-Relationship>Outer</Parent-Relationship>
              <Parallel-Aware>false</Parallel-Aware>
              <Join-Type>Inner</Join-Type>
              <Startup-Cost>1.43</Startup-Cost>
              <Total-Cost>3357.42</Total-Cost>
              <Plan-Rows>1225</Plan-Rows>
              <Plan-Width>15</Plan-Width>
              <Actual-Startup-Time>0.323</Actual-Startup-Time>
              <Actual-Total-Time>54.759</Actual-Total-Time>
              <Actual-Rows>3137</Actual-Rows>
              <Actual-Loops>1</Actual-Loops>
              <Merge-Cond>(proceedings."proceedingsID" = publications_1."pubID")</Merge-Cond>
              <Plans>
                <Plan>
                  <Node-Type>Index Scan</Node-Type>
                  <Parent-Relationship>Outer</Parent-Relationship>
                  <Parallel-Aware>false</Parallel-Aware>
                  <Scan-Direction>Forward</Scan-Direction>
                  <Index-Name>"proceedingsID"</Index-Name>
                  <Relation-Name>proceedings</Relation-Name>
                  <Alias>proceedings</Alias>
                  <Startup-Cost>0.29</Startup-Cost>
                  <Total-Cost>1282.45</Total-Cost>
                  <Plan-Rows>34674</Plan-Rows>
                  <Plan-Width>15</Plan-Width>
                  <Actual-Startup-Time>0.107</Actual-Startup-Time>
                  <Actual-Total-Time>37.341</Actual-Total-Time>
                  <Actual-Rows>34674</Actual-Rows>
                  <Actual-Loops>1</Actual-Loops>
                </Plan>
                <Plan>
                  <Node-Type>Index Scan</Node-Type>
                  <Parent-Relationship>Inner</Parent-Relationship>
                  <Parallel-Aware>false</Parallel-Aware>
                  <Scan-Direction>Forward</Scan-Direction>
                  <Index-Name>publications_pkey</Index-Name>
                  <Relation-Name>publications</Relation-Name>
                  <Alias>publications_1</Alias>
                  <Startup-Cost>0.43</Startup-Cost>
                  <Total-Cost>216619.86</Total-Cost>
                  <Plan-Rows>135186</Plan-Rows>
                  <Plan-Width>8</Plan-Width>
                  <Actual-Startup-Time>0.161</Actual-Startup-Time>
                  <Actual-Total-Time>14.615</Actual-Total-Time>
                  <Actual-Rows>3138</Actual-Rows>
                  <Actual-Loops>1</Actual-Loops>
                  <Filter>(month = 'July'::text)</Filter>
                  <Rows-Removed-by-Filter>32132</Rows-Removed-by-Filter>
                </Plan>
              </Plans>
            </Plan>
          </Plans>
        </Plan>
      </Plans>
    </Plan>
    <Planning-Time>14.867</Planning-Time>
    <Triggers>
    </Triggers>
    <Execution-Time>1751.867</Execution-Time>
  </Query>
</explain>